0 info it worked if it ends with ok
1 verbose cli [ '/usr/bin/node', '/usr/bin/npm', 'install', '-g', 'sass' ]
2 info using npm@3.5.2
3 info using node@v8.10.0
4 silly loadCurrentTree Starting
5 silly install loadCurrentTree
6 silly install readGlobalPackageData
7 silly fetchPackageMetaData sass
8 silly fetchNamedPackageData sass
9 silly mapToRegistry name sass
10 silly mapToRegistry using default registry
11 silly mapToRegistry registry https://registry.npmjs.org/
12 silly mapToRegistry uri https://registry.npmjs.org/sass
13 verbose request uri https://registry.npmjs.org/sass
14 verbose request no auth needed
15 info attempt registry request try #1 at 21:24:50
16 verbose request id 4ceffce2eb7948c6
17 verbose etag W/"350f928c655a56185450ec7b358e4e85"
18 verbose lastModified Sat, 08 Feb 2020 02:33:20 GMT
19 http request GET https://registry.npmjs.org/sass
20 http 200 https://registry.npmjs.org/sass
21 verbose headers { date: 'Sun, 29 Mar 2020 16:24:50 GMT',
21 verbose headers   'content-type': 'application/json',
21 verbose headers   'transfer-encoding': 'chunked',
21 verbose headers   connection: 'keep-alive',
21 verbose headers   'set-cookie':
21 verbose headers    [ '__cfduid=d90cd65483a5f6b79282539109718f2ef1585499090; expires=Tue, 28-Apr-20 16:24:50 GMT; path=/; domain=.npmjs.org; HttpOnly; SameSite=Lax' ],
21 verbose headers   'cf-ray': '57baf185be7a75ab-DME',
21 verbose headers   age: '6643',
21 verbose headers   'cache-control': 'public, max-age=300',
21 verbose headers   etag: 'W/"d9b5c9b77a2c3a69aae054def11a668b"',
21 verbose headers   'last-modified': 'Wed, 11 Mar 2020 22:55:27 GMT',
21 verbose headers   vary: 'accept-encoding, accept',
21 verbose headers   'cf-cache-status': 'HIT',
21 verbose headers   'expect-ct': 'max-age=604800, report-uri="https://report-uri.cloudflare.com/cdn-cgi/beacon/expect-ct"',
21 verbose headers   server: 'cloudflare',
21 verbose headers   'content-encoding': 'gzip' }
22 silly get cb [ 200,
22 silly get   { date: 'Sun, 29 Mar 2020 16:24:50 GMT',
22 silly get     'content-type': 'application/json',
22 silly get     'transfer-encoding': 'chunked',
22 silly get     connection: 'keep-alive',
22 silly get     'set-cookie':
22 silly get      [ '__cfduid=d90cd65483a5f6b79282539109718f2ef1585499090; expires=Tue, 28-Apr-20 16:24:50 GMT; path=/; domain=.npmjs.org; HttpOnly; SameSite=Lax' ],
22 silly get     'cf-ray': '57baf185be7a75ab-DME',
22 silly get     age: '6643',
22 silly get     'cache-control': 'public, max-age=300',
22 silly get     etag: 'W/"d9b5c9b77a2c3a69aae054def11a668b"',
22 silly get     'last-modified': 'Wed, 11 Mar 2020 22:55:27 GMT',
22 silly get     vary: 'accept-encoding, accept',
22 silly get     'cf-cache-status': 'HIT',
22 silly get     'expect-ct': 'max-age=604800, report-uri="https://report-uri.cloudflare.com/cdn-cgi/beacon/expect-ct"',
22 silly get     server: 'cloudflare',
22 silly get     'content-encoding': 'gzip' } ]
23 verbose get saving sass to /home/danil/.npm/registry.npmjs.org/sass/.cache.json
24 silly install normalizeTree
25 silly loadCurrentTree Finishing
26 silly loadIdealTree Starting
27 silly install loadIdealTree
28 silly cloneCurrentTree Starting
29 silly install cloneCurrentTreeToIdealTree
30 silly cloneCurrentTree Finishing
31 silly loadShrinkwrap Starting
32 silly install loadShrinkwrap
33 silly loadShrinkwrap Finishing
34 silly loadAllDepsIntoIdealTree Starting
35 silly install loadAllDepsIntoIdealTree
36 silly resolveWithNewModule sass@1.26.3 checking installable status
37 silly cache add args [ 'sass', null ]
38 verbose cache add spec sass
39 silly cache add parsed spec Result {
39 silly cache add   raw: 'sass',
39 silly cache add   scope: null,
39 silly cache add   name: 'sass',
39 silly cache add   rawSpec: '',
39 silly cache add   spec: 'latest',
39 silly cache add   type: 'tag' }
40 silly addNamed sass@latest
41 verbose addNamed "latest" is being treated as a dist-tag for sass
42 info addNameTag [ 'sass', 'latest' ]
43 silly mapToRegistry name sass
44 silly mapToRegistry using default registry
45 silly mapToRegistry registry https://registry.npmjs.org/
46 silly mapToRegistry uri https://registry.npmjs.org/sass
47 verbose addNameTag registry:https://registry.npmjs.org/sass not in flight; fetching
48 verbose get https://registry.npmjs.org/sass not expired, no request
49 silly addNameTag next cb for sass with tag latest
50 silly addNamed sass@1.26.3
51 verbose addNamed "1.26.3" is a plain semver version for sass
52 silly mapToRegistry name sass
53 silly mapToRegistry using default registry
54 silly mapToRegistry registry https://registry.npmjs.org/
55 silly mapToRegistry uri https://registry.npmjs.org/sass
56 verbose addRemoteTarball https://registry.npmjs.org/sass/-/sass-1.26.3.tgz not in flight; adding
57 verbose addRemoteTarball [ 'https://registry.npmjs.org/sass/-/sass-1.26.3.tgz',
57 verbose addRemoteTarball   '412df54486143b76b5a65cdf7569e86f44659f46' ]
58 info retry fetch attempt 1 at 21:24:51
59 info attempt registry request try #1 at 21:24:51
60 http fetch GET https://registry.npmjs.org/sass/-/sass-1.26.3.tgz
61 http fetch 200 https://registry.npmjs.org/sass/-/sass-1.26.3.tgz
62 silly fetchAndShaCheck shasum 412df54486143b76b5a65cdf7569e86f44659f46
63 verbose addTmpTarball /tmp/npm-8774-018f9065/registry.npmjs.org/sass/-/sass-1.26.3.tgz not in flight; adding
64 verbose addTmpTarball already have metadata; skipping unpack for sass@1.26.3
65 silly cache afterAdd sass@1.26.3
66 verbose afterAdd /home/danil/.npm/sass/1.26.3/package/package.json not in flight; writing
67 verbose afterAdd /home/danil/.npm/sass/1.26.3/package/package.json written
68 silly fetchNamedPackageData chokidar
69 silly mapToRegistry name chokidar
70 silly mapToRegistry using default registry
71 silly mapToRegistry registry https://registry.npmjs.org/
72 silly mapToRegistry uri https://registry.npmjs.org/chokidar
73 verbose request uri https://registry.npmjs.org/chokidar
74 verbose request no auth needed
75 info attempt registry request try #1 at 21:24:52
76 verbose etag W/"406b4885758e9f8272e326bac8bd12ab"
77 verbose lastModified Mon, 16 Dec 2019 15:23:38 GMT
78 http request GET https://registry.npmjs.org/chokidar
79 http 200 https://registry.npmjs.org/chokidar
80 verbose headers { date: 'Sun, 29 Mar 2020 16:24:52 GMT',
80 verbose headers   'content-type': 'application/json',
80 verbose headers   'transfer-encoding': 'chunked',
80 verbose headers   connection: 'keep-alive',
80 verbose headers   'set-cookie':
80 verbose headers    [ '__cfduid=dda7af734b2391ade7c83792bc77239fc1585499092; expires=Tue, 28-Apr-20 16:24:52 GMT; path=/; domain=.npmjs.org; HttpOnly; SameSite=Lax' ],
80 verbose headers   'cf-ray': '57baf18d09d175ab-DME',
80 verbose headers   age: '2875',
80 verbose headers   'cache-control': 'public, max-age=300',
80 verbose headers   etag: 'W/"5e12a6dbe94d3bcf9bf59ff0d2e0f685"',
80 verbose headers   'last-modified': 'Thu, 19 Mar 2020 09:18:28 GMT',
80 verbose headers   vary: 'accept-encoding, accept',
80 verbose headers   'cf-cache-status': 'HIT',
80 verbose headers   'expect-ct': 'max-age=604800, report-uri="https://report-uri.cloudflare.com/cdn-cgi/beacon/expect-ct"',
80 verbose headers   server: 'cloudflare',
80 verbose headers   'content-encoding': 'gzip' }
81 silly get cb [ 200,
81 silly get   { date: 'Sun, 29 Mar 2020 16:24:52 GMT',
81 silly get     'content-type': 'application/json',
81 silly get     'transfer-encoding': 'chunked',
81 silly get     connection: 'keep-alive',
81 silly get     'set-cookie':
81 silly get      [ '__cfduid=dda7af734b2391ade7c83792bc77239fc1585499092; expires=Tue, 28-Apr-20 16:24:52 GMT; path=/; domain=.npmjs.org; HttpOnly; SameSite=Lax' ],
81 silly get     'cf-ray': '57baf18d09d175ab-DME',
81 silly get     age: '2875',
81 silly get     'cache-control': 'public, max-age=300',
81 silly get     etag: 'W/"5e12a6dbe94d3bcf9bf59ff0d2e0f685"',
81 silly get     'last-modified': 'Thu, 19 Mar 2020 09:18:28 GMT',
81 silly get     vary: 'accept-encoding, accept',
81 silly get     'cf-cache-status': 'HIT',
81 silly get     'expect-ct': 'max-age=604800, report-uri="https://report-uri.cloudflare.com/cdn-cgi/beacon/expect-ct"',
81 silly get     server: 'cloudflare',
81 silly get     'content-encoding': 'gzip' } ]
82 verbose get saving chokidar to /home/danil/.npm/registry.npmjs.org/chokidar/.cache.json
83 silly resolveWithNewModule chokidar@3.3.1 checking installable status
84 silly cache add args [ 'chokidar@>=2.0.0 <4.0.0', null ]
85 verbose cache add spec chokidar@>=2.0.0 <4.0.0
86 silly cache add parsed spec Result {
86 silly cache add   raw: 'chokidar@>=2.0.0 <4.0.0',
86 silly cache add   scope: null,
86 silly cache add   name: 'chokidar',
86 silly cache add   rawSpec: '>=2.0.0 <4.0.0',
86 silly cache add   spec: '>=2.0.0 <4.0.0',
86 silly cache add   type: 'range' }
87 silly addNamed chokidar@>=2.0.0 <4.0.0
88 verbose addNamed ">=2.0.0 <4.0.0" is a valid semver range for chokidar
89 silly addNameRange { name: 'chokidar', range: '>=2.0.0 <4.0.0', hasData: false }
90 silly mapToRegistry name chokidar
91 silly mapToRegistry using default registry
92 silly mapToRegistry registry https://registry.npmjs.org/
93 silly mapToRegistry uri https://registry.npmjs.org/chokidar
94 verbose addNameRange registry:https://registry.npmjs.org/chokidar not in flight; fetching
95 verbose get https://registry.npmjs.org/chokidar not expired, no request
96 silly addNameRange number 2 { name: 'chokidar', range: '>=2.0.0 <4.0.0', hasData: true }
97 silly addNameRange versions [ 'chokidar',
97 silly addNameRange   [ '0.1.1',
97 silly addNameRange     '0.2.0',
97 silly addNameRange     '0.2.1',
97 silly addNameRange     '0.2.2',
97 silly addNameRange     '0.2.3',
97 silly addNameRange     '0.2.4',
97 silly addNameRange     '0.2.5',
97 silly addNameRange     '0.2.6',
97 silly addNameRange     '0.3.0',
97 silly addNameRange     '0.4.0',
97 silly addNameRange     '0.5.0',
97 silly addNameRange     '0.5.1',
97 silly addNameRange     '0.5.2',
97 silly addNameRange     '0.5.3',
97 silly addNameRange     '0.6.0',
97 silly addNameRange     '0.6.1',
97 silly addNameRange     '0.6.2',
97 silly addNameRange     '0.6.3',
97 silly addNameRange     '0.7.0',
97 silly addNameRange     '0.7.1',
97 silly addNameRange     '0.8.0',
97 silly addNameRange     '0.8.1',
97 silly addNameRange     '0.8.2',
97 silly addNameRange     '0.8.3',
97 silly addNameRange     '0.8.4',
97 silly addNameRange     '0.9.0',
97 silly addNameRange     '0.10.0',
97 silly addNameRange     '0.10.1',
97 silly addNameRange     '0.10.2',
97 silly addNameRange     '0.10.3',
97 silly addNameRange     '0.10.4',
97 silly addNameRange     '0.10.5',
97 silly addNameRange     '0.10.6',
97 silly addNameRange     '0.10.7',
97 silly addNameRange     '0.10.8',
97 silly addNameRange     '0.10.9',
97 silly addNameRange     '0.11.0',
97 silly addNameRange     '0.11.1',
97 silly addNameRange     '0.12.0',
97 silly addNameRange     '0.12.1',
97 silly addNameRange     '0.12.2',
97 silly addNameRange     '0.12.3',
97 silly addNameRange     '0.12.4',
97 silly addNameRange     '0.12.5',
97 silly addNameRange     '0.12.6',
97 silly addNameRange     '1.0.0-rc1',
97 silly addNameRange     '1.0.0-rc1.1',
97 silly addNameRange     '1.0.0-rc2',
97 silly addNameRange     '1.0.0-rc3',
97 silly addNameRange     '1.0.0-rc4',
97 silly addNameRange     '1.0.0-rc5',
97 silly addNameRange     '1.0.0',
97 silly addNameRange     '1.0.1',
97 silly addNameRange     '1.0.2',
97 silly addNameRange     '1.0.3',
97 silly addNameRange     '1.0.4',
97 silly addNameRange     '1.0.5',
97 silly addNameRange     '1.0.6',
97 silly addNameRange     '1.1.0',
97 silly addNameRange     '1.2.0',
97 silly addNameRange     '1.3.0',
97 silly addNameRange     '1.4.0',
97 silly addNameRange     '1.4.1',
97 silly addNameRange     '1.4.2',
97 silly addNameRange     '1.4.3',
97 silly addNameRange     '1.5.0',
97 silly addNameRange     '1.5.1',
97 silly addNameRange     '1.5.2',
97 silly addNameRange     '1.6.0',
97 silly addNameRange     '1.6.1',
97 silly addNameRange     '1.7.0',
97 silly addNameRange     '2.0.0',
97 silly addNameRange     '2.0.1',
97 silly addNameRange     '2.0.2',
97 silly addNameRange     '2.0.3',
97 silly addNameRange     '2.0.4',
97 silly addNameRange     '2.1.0',
97 silly addNameRange     '2.1.1',
97 silly addNameRange     '2.1.2',
97 silly addNameRange     '2.1.3',
97 silly addNameRange     '2.1.4',
97 silly addNameRange     '2.1.5',
97 silly addNameRange     '3.0.0',
97 silly addNameRange     '2.1.6',
97 silly addNameRange     '3.0.1',
97 silly addNameRange     '3.0.2',
97 silly addNameRange     '2.1.8',
97 silly addNameRange     '3.1.0',
97 silly addNameRange     '3.1.1',
97 silly addNameRange     '3.2.0',
97 silly addNameRange     '3.2.1',
97 silly addNameRange     '3.2.2',
97 silly addNameRange     '3.2.3',
97 silly addNameRange     '3.3.0',
97 silly addNameRange     '3.3.1' ] ]
98 silly addNamed chokidar@3.3.1
99 verbose addNamed "3.3.1" is a plain semver version for chokidar
100 silly mapToRegistry name chokidar
101 silly mapToRegistry using default registry
102 silly mapToRegistry registry https://registry.npmjs.org/
103 silly mapToRegistry uri https://registry.npmjs.org/chokidar
104 verbose addRemoteTarball https://registry.npmjs.org/chokidar/-/chokidar-3.3.1.tgz not in flight; adding
105 verbose addRemoteTarball [ 'https://registry.npmjs.org/chokidar/-/chokidar-3.3.1.tgz',
105 verbose addRemoteTarball   'c84e5b3d18d9a4d77558fef466b1bf16bbeb3450' ]
106 info retry fetch attempt 1 at 21:24:52
107 info attempt registry request try #1 at 21:24:52
108 http fetch GET https://registry.npmjs.org/chokidar/-/chokidar-3.3.1.tgz
109 http fetch 200 https://registry.npmjs.org/chokidar/-/chokidar-3.3.1.tgz
110 silly fetchAndShaCheck shasum c84e5b3d18d9a4d77558fef466b1bf16bbeb3450
111 verbose addTmpTarball /tmp/npm-8774-018f9065/registry.npmjs.org/chokidar/-/chokidar-3.3.1.tgz not in flight; adding
112 verbose addTmpTarball already have metadata; skipping unpack for chokidar@3.3.1
113 silly cache afterAdd chokidar@3.3.1
114 verbose afterAdd /home/danil/.npm/chokidar/3.3.1/package/package.json not in flight; writing
115 verbose afterAdd /home/danil/.npm/chokidar/3.3.1/package/package.json written
116 silly fetchNamedPackageData anymatch
117 silly mapToRegistry name anymatch
118 silly mapToRegistry using default registry
119 silly mapToRegistry registry https://registry.npmjs.org/
120 silly mapToRegistry uri https://registry.npmjs.org/anymatch
121 silly fetchNamedPackageData braces
122 silly mapToRegistry name braces
123 silly mapToRegistry using default registry
124 silly mapToRegistry registry https://registry.npmjs.org/
125 silly mapToRegistry uri https://registry.npmjs.org/braces
126 silly fetchNamedPackageData glob-parent
127 silly mapToRegistry name glob-parent
128 silly mapToRegistry using default registry
129 silly mapToRegistry registry https://registry.npmjs.org/
130 silly mapToRegistry uri https://registry.npmjs.org/glob-parent
131 silly fetchNamedPackageData is-binary-path
132 silly mapToRegistry name is-binary-path
133 silly mapToRegistry using default registry
134 silly mapToRegistry registry https://registry.npmjs.org/
135 silly mapToRegistry uri https://registry.npmjs.org/is-binary-path
136 silly fetchNamedPackageData is-glob
137 silly mapToRegistry name is-glob
138 silly mapToRegistry using default registry
139 silly mapToRegistry registry https://registry.npmjs.org/
140 silly mapToRegistry uri https://registry.npmjs.org/is-glob
141 silly fetchNamedPackageData normalize-path
142 silly mapToRegistry name normalize-path
143 silly mapToRegistry using default registry
144 silly mapToRegistry registry https://registry.npmjs.org/
145 silly mapToRegistry uri https://registry.npmjs.org/normalize-path
146 silly fetchNamedPackageData readdirp
147 silly mapToRegistry name readdirp
148 silly mapToRegistry using default registry
149 silly mapToRegistry registry https://registry.npmjs.org/
150 silly mapToRegistry uri https://registry.npmjs.org/readdirp
151 silly fetchNamedPackageData fsevents
152 silly mapToRegistry name fsevents
153 silly mapToRegistry using default registry
154 silly mapToRegistry registry https://registry.npmjs.org/
155 silly mapToRegistry uri https://registry.npmjs.org/fsevents
156 verbose request uri https://registry.npmjs.org/anymatch
157 verbose request no auth needed
158 info attempt registry request try #1 at 21:24:52
159 verbose etag W/"98fa5632ec0e527416f1335e40360ff2"
160 verbose lastModified Tue, 01 Oct 2019 02:34:52 GMT
161 http request GET https://registry.npmjs.org/anymatch
162 verbose request uri https://registry.npmjs.org/glob-parent
163 verbose request no auth needed
164 info attempt registry request try #1 at 21:24:52
165 verbose etag W/"10221a027bb5845589a8b7b486d7de64"
166 verbose lastModified Sat, 21 Sep 2019 23:17:08 GMT
167 http request GET https://registry.npmjs.org/glob-parent
168 verbose request uri https://registry.npmjs.org/normalize-path
169 verbose request no auth needed
170 info attempt registry request try #1 at 21:24:52
171 verbose etag W/"0a459c763ee9d4916c02d792a226cce9"
172 verbose lastModified Sun, 27 May 2018 10:33:45 GMT
173 http request GET https://registry.npmjs.org/normalize-path
174 verbose request uri https://registry.npmjs.org/readdirp
175 verbose request no auth needed
176 info attempt registry request try #1 at 21:24:52
177 verbose etag W/"c74ca9ba6a1851fc4cfb779b4a923f0c"
178 verbose lastModified Fri, 06 Dec 2019 10:56:44 GMT
179 http request GET https://registry.npmjs.org/readdirp
180 verbose request uri https://registry.npmjs.org/is-binary-path
181 verbose request no auth needed
182 info attempt registry request try #1 at 21:24:52
183 verbose etag W/"8ed7a9479c3f5e194e9571992693ddc0"
184 verbose lastModified Fri, 19 Apr 2019 04:42:49 GMT
185 http request GET https://registry.npmjs.org/is-binary-path
186 verbose request uri https://registry.npmjs.org/braces
187 verbose request no auth needed
188 info attempt registry request try #1 at 21:24:52
189 verbose etag W/"53878de16015f7ab71c0a56f622f24f9"
190 verbose lastModified Tue, 16 Apr 2019 19:51:16 GMT
191 http request GET https://registry.npmjs.org/braces
192 verbose request uri https://registry.npmjs.org/fsevents
193 verbose request no auth needed
194 info attempt registry request try #1 at 21:24:52
195 verbose etag W/"7485786cbc25a6c4481b015e57d2f0e9"
196 verbose lastModified Mon, 03 Feb 2020 05:44:47 GMT
197 http request GET https://registry.npmjs.org/fsevents
198 verbose request uri https://registry.npmjs.org/is-glob
199 verbose request no auth needed
200 info attempt registry request try #1 at 21:24:52
201 verbose etag W/"d4c60158c6c0244bf96dd8e6749675aa"
202 verbose lastModified Wed, 27 Mar 2019 22:26:41 GMT
203 http request GET https://registry.npmjs.org/is-glob
204 http 304 https://registry.npmjs.org/anymatch
205 verbose headers { date: 'Sun, 29 Mar 2020 16:24:52 GMT',
205 verbose headers   connection: 'keep-alive',
205 verbose headers   'set-cookie':
205 verbose headers    [ '__cfduid=dda7af734b2391ade7c83792bc77239fc1585499092; expires=Tue, 28-Apr-20 16:24:52 GMT; path=/; domain=.npmjs.org; HttpOnly; SameSite=Lax' ],
205 verbose headers   'cf-ray': '57baf18f6e3875ab-DME',
205 verbose headers   age: '1677',
205 verbose headers   'cache-control': 'public, max-age=300',
205 verbose headers   etag: '"98fa5632ec0e527416f1335e40360ff2"',
205 verbose headers   'last-modified': 'Tue, 01 Oct 2019 02:34:52 GMT',
205 verbose headers   vary: 'Accept-Encoding',
205 verbose headers   'cf-cache-status': 'HIT',
205 verbose headers   'expect-ct': 'max-age=604800, report-uri="https://report-uri.cloudflare.com/cdn-cgi/beacon/expect-ct"',
205 verbose headers   server: 'cloudflare' }
206 silly get cb [ 304,
206 silly get   { date: 'Sun, 29 Mar 2020 16:24:52 GMT',
206 silly get     connection: 'keep-alive',
206 silly get     'set-cookie':
206 silly get      [ '__cfduid=dda7af734b2391ade7c83792bc77239fc1585499092; expires=Tue, 28-Apr-20 16:24:52 GMT; path=/; domain=.npmjs.org; HttpOnly; SameSite=Lax' ],
206 silly get     'cf-ray': '57baf18f6e3875ab-DME',
206 silly get     age: '1677',
206 silly get     'cache-control': 'public, max-age=300',
206 silly get     etag: '"98fa5632ec0e527416f1335e40360ff2"',
206 silly get     'last-modified': 'Tue, 01 Oct 2019 02:34:52 GMT',
206 silly get     vary: 'Accept-Encoding',
206 silly get     'cf-cache-status': 'HIT',
206 silly get     'expect-ct': 'max-age=604800, report-uri="https://report-uri.cloudflare.com/cdn-cgi/beacon/expect-ct"',
206 silly get     server: 'cloudflare' } ]
207 verbose etag https://registry.npmjs.org/anymatch from cache
208 verbose get saving anymatch to /home/danil/.npm/registry.npmjs.org/anymatch/.cache.json
209 silly resolveWithNewModule anymatch@3.1.1 checking installable status
210 silly cache add args [ 'anymatch@~3.1.1', null ]
211 verbose cache add spec anymatch@~3.1.1
212 silly cache add parsed spec Result {
212 silly cache add   raw: 'anymatch@~3.1.1',
212 silly cache add   scope: null,
212 silly cache add   name: 'anymatch',
212 silly cache add   rawSpec: '~3.1.1',
212 silly cache add   spec: '>=3.1.1 <3.2.0',
212 silly cache add   type: 'range' }
213 silly addNamed anymatch@>=3.1.1 <3.2.0
214 verbose addNamed ">=3.1.1 <3.2.0" is a valid semver range for anymatch
215 silly addNameRange { name: 'anymatch', range: '>=3.1.1 <3.2.0', hasData: false }
216 silly mapToRegistry name anymatch
217 silly mapToRegistry using default registry
218 silly mapToRegistry registry https://registry.npmjs.org/
219 silly mapToRegistry uri https://registry.npmjs.org/anymatch
220 verbose addNameRange registry:https://registry.npmjs.org/anymatch not in flight; fetching
221 verbose get https://registry.npmjs.org/anymatch not expired, no request
222 silly addNameRange number 2 { name: 'anymatch', range: '>=3.1.1 <3.2.0', hasData: true }
223 silly addNameRange versions [ 'anymatch',
223 silly addNameRange   [ '0.1.0',
223 silly addNameRange     '0.1.1',
223 silly addNameRange     '0.2.0',
223 silly addNameRange     '1.0.0',
223 silly addNameRange     '1.1.0',
223 silly addNameRange     '1.2.0',
223 silly addNameRange     '1.2.1',
223 silly addNameRange     '1.3.0',
223 silly addNameRange     '1.3.2',
223 silly addNameRange     '2.0.0',
223 silly addNameRange     '3.0.0',
223 silly addNameRange     '3.0.1',
223 silly addNameRange     '3.0.2',
223 silly addNameRange     '3.0.3',
223 silly addNameRange     '3.1.0',
223 silly addNameRange     '3.1.1' ] ]
224 silly addNamed anymatch@3.1.1
225 verbose addNamed "3.1.1" is a plain semver version for anymatch
226 silly mapToRegistry name anymatch
227 silly mapToRegistry using default registry
228 silly mapToRegistry registry https://registry.npmjs.org/
229 silly mapToRegistry uri https://registry.npmjs.org/anymatch
230 verbose addRemoteTarball https://registry.npmjs.org/anymatch/-/anymatch-3.1.1.tgz not in flight; adding
231 verbose addRemoteTarball [ 'https://registry.npmjs.org/anymatch/-/anymatch-3.1.1.tgz',
231 verbose addRemoteTarball   'c55ecf02185e2469259399310c173ce31233b142' ]
232 info retry fetch attempt 1 at 21:24:52
233 info attempt registry request try #1 at 21:24:52
234 http fetch GET https://registry.npmjs.org/anymatch/-/anymatch-3.1.1.tgz
235 http fetch 200 https://registry.npmjs.org/anymatch/-/anymatch-3.1.1.tgz
236 silly fetchAndShaCheck shasum c55ecf02185e2469259399310c173ce31233b142
237 verbose addTmpTarball /tmp/npm-8774-018f9065/registry.npmjs.org/anymatch/-/anymatch-3.1.1.tgz not in flight; adding
238 verbose addTmpTarball already have metadata; skipping unpack for anymatch@3.1.1
239 silly cache afterAdd anymatch@3.1.1
240 verbose afterAdd /home/danil/.npm/anymatch/3.1.1/package/package.json not in flight; writing
241 verbose afterAdd /home/danil/.npm/anymatch/3.1.1/package/package.json written
242 http 304 https://registry.npmjs.org/normalize-path
243 verbose headers { date: 'Sun, 29 Mar 2020 16:24:52 GMT',
243 verbose headers   connection: 'keep-alive',
243 verbose headers   'set-cookie':
243 verbose headers    [ '__cfduid=df27324535f59ad7e8cb97ade765907f11585499092; expires=Tue, 28-Apr-20 16:24:52 GMT; path=/; domain=.npmjs.org; HttpOnly; SameSite=Lax' ],
243 verbose headers   'cf-ray': '57baf1911bd6759b-DME',
243 verbose headers   age: '56',
243 verbose headers   'cache-control': 'public, max-age=300',
243 verbose headers   etag: '"0a459c763ee9d4916c02d792a226cce9"',
243 verbose headers   'last-modified': 'Sun, 27 May 2018 10:33:45 GMT',
243 verbose headers   vary: 'Accept-Encoding',
243 verbose headers   'cf-cache-status': 'HIT',
243 verbose headers   'expect-ct': 'max-age=604800, report-uri="https://report-uri.cloudflare.com/cdn-cgi/beacon/expect-ct"',
243 verbose headers   server: 'cloudflare' }
244 silly get cb [ 304,
244 silly get   { date: 'Sun, 29 Mar 2020 16:24:52 GMT',
244 silly get     connection: 'keep-alive',
244 silly get     'set-cookie':
244 silly get      [ '__cfduid=df27324535f59ad7e8cb97ade765907f11585499092; expires=Tue, 28-Apr-20 16:24:52 GMT; path=/; domain=.npmjs.org; HttpOnly; SameSite=Lax' ],
244 silly get     'cf-ray': '57baf1911bd6759b-DME',
244 silly get     age: '56',
244 silly get     'cache-control': 'public, max-age=300',
244 silly get     etag: '"0a459c763ee9d4916c02d792a226cce9"',
244 silly get     'last-modified': 'Sun, 27 May 2018 10:33:45 GMT',
244 silly get     vary: 'Accept-Encoding',
244 silly get     'cf-cache-status': 'HIT',
244 silly get     'expect-ct': 'max-age=604800, report-uri="https://report-uri.cloudflare.com/cdn-cgi/beacon/expect-ct"',
244 silly get     server: 'cloudflare' } ]
245 verbose etag https://registry.npmjs.org/normalize-path from cache
246 verbose get saving normalize-path to /home/danil/.npm/registry.npmjs.org/normalize-path/.cache.json
247 http 304 https://registry.npmjs.org/is-binary-path
248 verbose headers { date: 'Sun, 29 Mar 2020 16:24:52 GMT',
248 verbose headers   connection: 'keep-alive',
248 verbose headers   'set-cookie':
248 verbose headers    [ '__cfduid=d896913256b7ced2caac625134b6385111585499092; expires=Tue, 28-Apr-20 16:24:52 GMT; path=/; domain=.npmjs.org; HttpOnly; SameSite=Lax' ],
248 verbose headers   'cf-ray': '57baf1911d218f01-DME',
248 verbose headers   age: '2884',
248 verbose headers   'cache-control': 'public, max-age=300',
248 verbose headers   etag: '"8ed7a9479c3f5e194e9571992693ddc0"',
248 verbose headers   'last-modified': 'Fri, 19 Apr 2019 04:42:49 GMT',
248 verbose headers   vary: 'Accept-Encoding',
248 verbose headers   'cf-cache-status': 'HIT',
248 verbose headers   'expect-ct': 'max-age=604800, report-uri="https://report-uri.cloudflare.com/cdn-cgi/beacon/expect-ct"',
248 verbose headers   server: 'cloudflare' }
249 silly get cb [ 304,
249 silly get   { date: 'Sun, 29 Mar 2020 16:24:52 GMT',
249 silly get     connection: 'keep-alive',
249 silly get     'set-cookie':
249 silly get      [ '__cfduid=d896913256b7ced2caac625134b6385111585499092; expires=Tue, 28-Apr-20 16:24:52 GMT; path=/; domain=.npmjs.org; HttpOnly; SameSite=Lax' ],
249 silly get     'cf-ray': '57baf1911d218f01-DME',
249 silly get     age: '2884',
249 silly get     'cache-control': 'public, max-age=300',
249 silly get     etag: '"8ed7a9479c3f5e194e9571992693ddc0"',
249 silly get     'last-modified': 'Fri, 19 Apr 2019 04:42:49 GMT',
249 silly get     vary: 'Accept-Encoding',
249 silly get     'cf-cache-status': 'HIT',
249 silly get     'expect-ct': 'max-age=604800, report-uri="https://report-uri.cloudflare.com/cdn-cgi/beacon/expect-ct"',
249 silly get     server: 'cloudflare' } ]
250 verbose etag https://registry.npmjs.org/is-binary-path from cache
251 verbose get saving is-binary-path to /home/danil/.npm/registry.npmjs.org/is-binary-path/.cache.json
252 http 304 https://registry.npmjs.org/braces
253 verbose headers { date: 'Sun, 29 Mar 2020 16:24:52 GMT',
253 verbose headers   connection: 'keep-alive',
253 verbose headers   'set-cookie':
253 verbose headers    [ '__cfduid=d7e31b9193b3d8e5090fdcdfc0b9823cf1585499092; expires=Tue, 28-Apr-20 16:24:52 GMT; path=/; domain=.npmjs.org; HttpOnly; SameSite=Lax' ],
253 verbose headers   'cf-ray': '57baf1911a958f07-DME',
253 verbose headers   age: '4928',
253 verbose headers   'cache-control': 'public, max-age=300',
253 verbose headers   etag: '"53878de16015f7ab71c0a56f622f24f9"',
253 verbose headers   'last-modified': 'Tue, 16 Apr 2019 19:51:16 GMT',
253 verbose headers   vary: 'Accept-Encoding',
253 verbose headers   'cf-cache-status': 'HIT',
253 verbose headers   'expect-ct': 'max-age=604800, report-uri="https://report-uri.cloudflare.com/cdn-cgi/beacon/expect-ct"',
253 verbose headers   server: 'cloudflare' }
254 silly get cb [ 304,
254 silly get   { date: 'Sun, 29 Mar 2020 16:24:52 GMT',
254 silly get     connection: 'keep-alive',
254 silly get     'set-cookie':
254 silly get      [ '__cfduid=d7e31b9193b3d8e5090fdcdfc0b9823cf1585499092; expires=Tue, 28-Apr-20 16:24:52 GMT; path=/; domain=.npmjs.org; HttpOnly; SameSite=Lax' ],
254 silly get     'cf-ray': '57baf1911a958f07-DME',
254 silly get     age: '4928',
254 silly get     'cache-control': 'public, max-age=300',
254 silly get     etag: '"53878de16015f7ab71c0a56f622f24f9"',
254 silly get     'last-modified': 'Tue, 16 Apr 2019 19:51:16 GMT',
254 silly get     vary: 'Accept-Encoding',
254 silly get     'cf-cache-status': 'HIT',
254 silly get     'expect-ct': 'max-age=604800, report-uri="https://report-uri.cloudflare.com/cdn-cgi/beacon/expect-ct"',
254 silly get     server: 'cloudflare' } ]
255 verbose etag https://registry.npmjs.org/braces from cache
256 verbose get saving braces to /home/danil/.npm/registry.npmjs.org/braces/.cache.json
257 http 304 https://registry.npmjs.org/is-glob
258 verbose headers { date: 'Sun, 29 Mar 2020 16:24:52 GMT',
258 verbose headers   connection: 'keep-alive',
258 verbose headers   'set-cookie':
258 verbose headers    [ '__cfduid=d752ec46d03f681ef7d465bdcdf603bdb1585499092; expires=Tue, 28-Apr-20 16:24:52 GMT; path=/; domain=.npmjs.org; HttpOnly; SameSite=Lax' ],
258 verbose headers   'cf-ray': '57baf1911a2f9081-DME',
258 verbose headers   age: '2537',
258 verbose headers   'cache-control': 'public, max-age=300',
258 verbose headers   etag: '"d4c60158c6c0244bf96dd8e6749675aa"',
258 verbose headers   'last-modified': 'Wed, 27 Mar 2019 22:26:41 GMT',
258 verbose headers   vary: 'Accept-Encoding',
258 verbose headers   'cf-cache-status': 'HIT',
258 verbose headers   'expect-ct': 'max-age=604800, report-uri="https://report-uri.cloudflare.com/cdn-cgi/beacon/expect-ct"',
258 verbose headers   server: 'cloudflare' }
259 silly get cb [ 304,
259 silly get   { date: 'Sun, 29 Mar 2020 16:24:52 GMT',
259 silly get     connection: 'keep-alive',
259 silly get     'set-cookie':
259 silly get      [ '__cfduid=d752ec46d03f681ef7d465bdcdf603bdb1585499092; expires=Tue, 28-Apr-20 16:24:52 GMT; path=/; domain=.npmjs.org; HttpOnly; SameSite=Lax' ],
259 silly get     'cf-ray': '57baf1911a2f9081-DME',
259 silly get     age: '2537',
259 silly get     'cache-control': 'public, max-age=300',
259 silly get     etag: '"d4c60158c6c0244bf96dd8e6749675aa"',
259 silly get     'last-modified': 'Wed, 27 Mar 2019 22:26:41 GMT',
259 silly get     vary: 'Accept-Encoding',
259 silly get     'cf-cache-status': 'HIT',
259 silly get     'expect-ct': 'max-age=604800, report-uri="https://report-uri.cloudflare.com/cdn-cgi/beacon/expect-ct"',
259 silly get     server: 'cloudflare' } ]
260 verbose etag https://registry.npmjs.org/is-glob from cache
261 verbose get saving is-glob to /home/danil/.npm/registry.npmjs.org/is-glob/.cache.json
262 http 200 https://registry.npmjs.org/glob-parent
263 verbose headers { date: 'Sun, 29 Mar 2020 16:24:52 GMT',
263 verbose headers   'content-type': 'application/json',
263 verbose headers   'transfer-encoding': 'chunked',
263 verbose headers   connection: 'keep-alive',
263 verbose headers   'set-cookie':
263 verbose headers    [ '__cfduid=d35751cec783ca3d6ba41df8694591f8e1585499092; expires=Tue, 28-Apr-20 16:24:52 GMT; path=/; domain=.npmjs.org; HttpOnly; SameSite=Lax' ],
263 verbose headers   'cf-ray': '57baf1911e504991-DME',
263 verbose headers   age: '1453',
263 verbose headers   'cache-control': 'public, max-age=300',
263 verbose headers   etag: 'W/"55aefcb05179f7fa45b295d0974d798e"',
263 verbose headers   'last-modified': 'Sat, 21 Mar 2020 23:16:52 GMT',
263 verbose headers   vary: 'accept-encoding, accept',
263 verbose headers   'cf-cache-status': 'HIT',
263 verbose headers   'expect-ct': 'max-age=604800, report-uri="https://report-uri.cloudflare.com/cdn-cgi/beacon/expect-ct"',
263 verbose headers   server: 'cloudflare',
263 verbose headers   'content-encoding': 'gzip' }
264 silly get cb [ 200,
264 silly get   { date: 'Sun, 29 Mar 2020 16:24:52 GMT',
264 silly get     'content-type': 'application/json',
264 silly get     'transfer-encoding': 'chunked',
264 silly get     connection: 'keep-alive',
264 silly get     'set-cookie':
264 silly get      [ '__cfduid=d35751cec783ca3d6ba41df8694591f8e1585499092; expires=Tue, 28-Apr-20 16:24:52 GMT; path=/; domain=.npmjs.org; HttpOnly; SameSite=Lax' ],
264 silly get     'cf-ray': '57baf1911e504991-DME',
264 silly get     age: '1453',
264 silly get     'cache-control': 'public, max-age=300',
264 silly get     etag: 'W/"55aefcb05179f7fa45b295d0974d798e"',
264 silly get     'last-modified': 'Sat, 21 Mar 2020 23:16:52 GMT',
264 silly get     vary: 'accept-encoding, accept',
264 silly get     'cf-cache-status': 'HIT',
264 silly get     'expect-ct': 'max-age=604800, report-uri="https://report-uri.cloudflare.com/cdn-cgi/beacon/expect-ct"',
264 silly get     server: 'cloudflare',
264 silly get     'content-encoding': 'gzip' } ]
265 verbose get saving glob-parent to /home/danil/.npm/registry.npmjs.org/glob-parent/.cache.json
266 http 200 https://registry.npmjs.org/readdirp
267 verbose headers { date: 'Sun, 29 Mar 2020 16:24:52 GMT',
267 verbose headers   'content-type': 'application/json',
267 verbose headers   'transfer-encoding': 'chunked',
267 verbose headers   connection: 'keep-alive',
267 verbose headers   'set-cookie':
267 verbose headers    [ '__cfduid=d716639e4683c269733ba60bf79a8a5381585499092; expires=Tue, 28-Apr-20 16:24:52 GMT; path=/; domain=.npmjs.org; HttpOnly; SameSite=Lax' ],
267 verbose headers   'cf-ray': '57baf1911af2758f-DME',
267 verbose headers   age: '5024',
267 verbose headers   'cache-control': 'public, max-age=300',
267 verbose headers   etag: 'W/"b8964abc7faf38782ebc582ae34f46d7"',
267 verbose headers   'last-modified': 'Thu, 19 Mar 2020 09:59:55 GMT',
267 verbose headers   vary: 'accept-encoding, accept',
267 verbose headers   'cf-cache-status': 'HIT',
267 verbose headers   'expect-ct': 'max-age=604800, report-uri="https://report-uri.cloudflare.com/cdn-cgi/beacon/expect-ct"',
267 verbose headers   server: 'cloudflare',
267 verbose headers   'content-encoding': 'gzip' }
268 silly get cb [ 200,
268 silly get   { date: 'Sun, 29 Mar 2020 16:24:52 GMT',
268 silly get     'content-type': 'application/json',
268 silly get     'transfer-encoding': 'chunked',
268 silly get     connection: 'keep-alive',
268 silly get     'set-cookie':
268 silly get      [ '__cfduid=d716639e4683c269733ba60bf79a8a5381585499092; expires=Tue, 28-Apr-20 16:24:52 GMT; path=/; domain=.npmjs.org; HttpOnly; SameSite=Lax' ],
268 silly get     'cf-ray': '57baf1911af2758f-DME',
268 silly get     age: '5024',
268 silly get     'cache-control': 'public, max-age=300',
268 silly get     etag: 'W/"b8964abc7faf38782ebc582ae34f46d7"',
268 silly get     'last-modified': 'Thu, 19 Mar 2020 09:59:55 GMT',
268 silly get     vary: 'accept-encoding, accept',
268 silly get     'cf-cache-status': 'HIT',
268 silly get     'expect-ct': 'max-age=604800, report-uri="https://report-uri.cloudflare.com/cdn-cgi/beacon/expect-ct"',
268 silly get     server: 'cloudflare',
268 silly get     'content-encoding': 'gzip' } ]
269 verbose get saving readdirp to /home/danil/.npm/registry.npmjs.org/readdirp/.cache.json
270 silly resolveWithNewModule normalize-path@3.0.0 checking installable status
271 silly cache add args [ 'normalize-path@~3.0.0', null ]
272 verbose cache add spec normalize-path@~3.0.0
273 silly cache add parsed spec Result {
273 silly cache add   raw: 'normalize-path@~3.0.0',
273 silly cache add   scope: null,
273 silly cache add   name: 'normalize-path',
273 silly cache add   rawSpec: '~3.0.0',
273 silly cache add   spec: '>=3.0.0 <3.1.0',
273 silly cache add   type: 'range' }
274 silly addNamed normalize-path@>=3.0.0 <3.1.0
275 verbose addNamed ">=3.0.0 <3.1.0" is a valid semver range for normalize-path
276 silly addNameRange { name: 'normalize-path',
276 silly addNameRange   range: '>=3.0.0 <3.1.0',
276 silly addNameRange   hasData: false }
277 silly mapToRegistry name normalize-path
278 silly mapToRegistry using default registry
279 silly mapToRegistry registry https://registry.npmjs.org/
280 silly mapToRegistry uri https://registry.npmjs.org/normalize-path
281 verbose addNameRange registry:https://registry.npmjs.org/normalize-path not in flight; fetching
282 silly resolveWithNewModule is-binary-path@2.1.0 checking installable status
283 silly cache add args [ 'is-binary-path@~2.1.0', null ]
284 verbose cache add spec is-binary-path@~2.1.0
285 silly cache add parsed spec Result {
285 silly cache add   raw: 'is-binary-path@~2.1.0',
285 silly cache add   scope: null,
285 silly cache add   name: 'is-binary-path',
285 silly cache add   rawSpec: '~2.1.0',
285 silly cache add   spec: '>=2.1.0 <2.2.0',
285 silly cache add   type: 'range' }
286 silly addNamed is-binary-path@>=2.1.0 <2.2.0
287 verbose addNamed ">=2.1.0 <2.2.0" is a valid semver range for is-binary-path
288 silly addNameRange { name: 'is-binary-path',
288 silly addNameRange   range: '>=2.1.0 <2.2.0',
288 silly addNameRange   hasData: false }
289 silly mapToRegistry name is-binary-path
290 silly mapToRegistry using default registry
291 silly mapToRegistry registry https://registry.npmjs.org/
292 silly mapToRegistry uri https://registry.npmjs.org/is-binary-path
293 verbose addNameRange registry:https://registry.npmjs.org/is-binary-path not in flight; fetching
294 silly resolveWithNewModule braces@3.0.2 checking installable status
295 silly cache add args [ 'braces@~3.0.2', null ]
296 verbose cache add spec braces@~3.0.2
297 silly cache add parsed spec Result {
297 silly cache add   raw: 'braces@~3.0.2',
297 silly cache add   scope: null,
297 silly cache add   name: 'braces',
297 silly cache add   rawSpec: '~3.0.2',
297 silly cache add   spec: '>=3.0.2 <3.1.0',
297 silly cache add   type: 'range' }
298 silly addNamed braces@>=3.0.2 <3.1.0
299 verbose addNamed ">=3.0.2 <3.1.0" is a valid semver range for braces
300 silly addNameRange { name: 'braces', range: '>=3.0.2 <3.1.0', hasData: false }
301 silly mapToRegistry name braces
302 silly mapToRegistry using default registry
303 silly mapToRegistry registry https://registry.npmjs.org/
304 silly mapToRegistry uri https://registry.npmjs.org/braces
305 verbose addNameRange registry:https://registry.npmjs.org/braces not in flight; fetching
306 http 200 https://registry.npmjs.org/fsevents
307 verbose headers { date: 'Sun, 29 Mar 2020 16:24:52 GMT',
307 verbose headers   'content-type': 'application/json',
307 verbose headers   'transfer-encoding': 'chunked',
307 verbose headers   connection: 'keep-alive',
307 verbose headers   'set-cookie':
307 verbose headers    [ '__cfduid=dfb97c964a58dbd1e8680adf799236ffa1585499092; expires=Tue, 28-Apr-20 16:24:52 GMT; path=/; domain=.npmjs.org; HttpOnly; SameSite=Lax' ],
307 verbose headers   'cf-ray': '57baf1911d727b53-DME',
307 verbose headers   age: '5024',
307 verbose headers   'cache-control': 'public, max-age=300',
307 verbose headers   etag: 'W/"ce52c12553ec385e5dace46e4c8be564"',
307 verbose headers   'last-modified': 'Thu, 19 Mar 2020 09:15:01 GMT',
307 verbose headers   vary: 'accept-encoding, accept',
307 verbose headers   'cf-cache-status': 'HIT',
307 verbose headers   'expect-ct': 'max-age=604800, report-uri="https://report-uri.cloudflare.com/cdn-cgi/beacon/expect-ct"',
307 verbose headers   server: 'cloudflare',
307 verbose headers   'content-encoding': 'gzip' }
308 silly get cb [ 200,
308 silly get   { date: 'Sun, 29 Mar 2020 16:24:52 GMT',
308 silly get     'content-type': 'application/json',
308 silly get     'transfer-encoding': 'chunked',
308 silly get     connection: 'keep-alive',
308 silly get     'set-cookie':
308 silly get      [ '__cfduid=dfb97c964a58dbd1e8680adf799236ffa1585499092; expires=Tue, 28-Apr-20 16:24:52 GMT; path=/; domain=.npmjs.org; HttpOnly; SameSite=Lax' ],
308 silly get     'cf-ray': '57baf1911d727b53-DME',
308 silly get     age: '5024',
308 silly get     'cache-control': 'public, max-age=300',
308 silly get     etag: 'W/"ce52c12553ec385e5dace46e4c8be564"',
308 silly get     'last-modified': 'Thu, 19 Mar 2020 09:15:01 GMT',
308 silly get     vary: 'accept-encoding, accept',
308 silly get     'cf-cache-status': 'HIT',
308 silly get     'expect-ct': 'max-age=604800, report-uri="https://report-uri.cloudflare.com/cdn-cgi/beacon/expect-ct"',
308 silly get     server: 'cloudflare',
308 silly get     'content-encoding': 'gzip' } ]
309 verbose get saving fsevents to /home/danil/.npm/registry.npmjs.org/fsevents/.cache.json
310 silly resolveWithNewModule is-glob@4.0.1 checking installable status
311 silly cache add args [ 'is-glob@~4.0.1', null ]
312 verbose cache add spec is-glob@~4.0.1
313 silly cache add parsed spec Result {
313 silly cache add   raw: 'is-glob@~4.0.1',
313 silly cache add   scope: null,
313 silly cache add   name: 'is-glob',
313 silly cache add   rawSpec: '~4.0.1',
313 silly cache add   spec: '>=4.0.1 <4.1.0',
313 silly cache add   type: 'range' }
314 silly addNamed is-glob@>=4.0.1 <4.1.0
315 verbose addNamed ">=4.0.1 <4.1.0" is a valid semver range for is-glob
316 silly addNameRange { name: 'is-glob', range: '>=4.0.1 <4.1.0', hasData: false }
317 silly mapToRegistry name is-glob
318 silly mapToRegistry using default registry
319 silly mapToRegistry registry https://registry.npmjs.org/
320 silly mapToRegistry uri https://registry.npmjs.org/is-glob
321 verbose addNameRange registry:https://registry.npmjs.org/is-glob not in flight; fetching
322 silly resolveWithNewModule glob-parent@5.1.1 checking installable status
323 silly cache add args [ 'glob-parent@~5.1.0', null ]
324 verbose cache add spec glob-parent@~5.1.0
325 silly cache add parsed spec Result {
325 silly cache add   raw: 'glob-parent@~5.1.0',
325 silly cache add   scope: null,
325 silly cache add   name: 'glob-parent',
325 silly cache add   rawSpec: '~5.1.0',
325 silly cache add   spec: '>=5.1.0 <5.2.0',
325 silly cache add   type: 'range' }
326 silly addNamed glob-parent@>=5.1.0 <5.2.0
327 verbose addNamed ">=5.1.0 <5.2.0" is a valid semver range for glob-parent
328 silly addNameRange { name: 'glob-parent', range: '>=5.1.0 <5.2.0', hasData: false }
329 silly mapToRegistry name glob-parent
330 silly mapToRegistry using default registry
331 silly mapToRegistry registry https://registry.npmjs.org/
332 silly mapToRegistry uri https://registry.npmjs.org/glob-parent
333 verbose addNameRange registry:https://registry.npmjs.org/glob-parent not in flight; fetching
334 verbose get https://registry.npmjs.org/normalize-path not expired, no request
335 silly addNameRange number 2 { name: 'normalize-path',
335 silly addNameRange   range: '>=3.0.0 <3.1.0',
335 silly addNameRange   hasData: true }
336 silly addNameRange versions [ 'normalize-path',
336 silly addNameRange   [ '0.1.0',
336 silly addNameRange     '0.1.1',
336 silly addNameRange     '0.2.0',
336 silly addNameRange     '0.2.1',
336 silly addNameRange     '0.3.0',
336 silly addNameRange     '1.0.0',
336 silly addNameRange     '2.0.0',
336 silly addNameRange     '2.0.1',
336 silly addNameRange     '2.1.0',
336 silly addNameRange     '2.1.1',
336 silly addNameRange     '3.0.0' ] ]
337 silly addNamed normalize-path@3.0.0
338 verbose addNamed "3.0.0" is a plain semver version for normalize-path
339 verbose get https://registry.npmjs.org/is-binary-path not expired, no request
340 silly addNameRange number 2 { name: 'is-binary-path',
340 silly addNameRange   range: '>=2.1.0 <2.2.0',
340 silly addNameRange   hasData: true }
341 silly addNameRange versions [ 'is-binary-path',
341 silly addNameRange   [ '1.0.0', '1.0.1', '2.0.0', '2.0.1', '2.1.0' ] ]
342 silly addNamed is-binary-path@2.1.0
343 verbose addNamed "2.1.0" is a plain semver version for is-binary-path
344 verbose get https://registry.npmjs.org/braces not expired, no request
345 silly addNameRange number 2 { name: 'braces', range: '>=3.0.2 <3.1.0', hasData: true }
346 silly addNameRange versions [ 'braces',
346 silly addNameRange   [ '0.1.0',
346 silly addNameRange     '0.1.1',
346 silly addNameRange     '0.1.2',
346 silly addNameRange     '0.1.4',
346 silly addNameRange     '0.1.5',
346 silly addNameRange     '1.0.0',
346 silly addNameRange     '1.1.0',
346 silly addNameRange     '1.2.0',
346 silly addNameRange     '1.3.0',
346 silly addNameRange     '1.4.0',
346 silly addNameRange     '1.5.0',
346 silly addNameRange     '1.5.1',
346 silly addNameRange     '1.6.0',
346 silly addNameRange     '1.7.0',
346 silly addNameRange     '1.8.0',
346 silly addNameRange     '1.8.1',
346 silly addNameRange     '1.8.2',
346 silly addNameRange     '1.8.3',
346 silly addNameRange     '1.8.4',
346 silly addNameRange     '1.8.5',
346 silly addNameRange     '2.0.0',
346 silly addNameRange     '2.0.1',
346 silly addNameRange     '2.0.2',
346 silly addNameRange     '2.0.3',
346 silly addNameRange     '2.0.4',
346 silly addNameRange     '2.1.0',
346 silly addNameRange     '2.1.1',
346 silly addNameRange     '2.2.0',
346 silly addNameRange     '2.2.1',
346 silly addNameRange     '2.2.2',
346 silly addNameRange     '2.3.0',
346 silly addNameRange     '2.3.1',
346 silly addNameRange     '2.3.2',
346 silly addNameRange     '3.0.0',
346 silly addNameRange     '3.0.1',
346 silly addNameRange     '3.0.2' ] ]
347 silly addNamed braces@3.0.2
348 verbose addNamed "3.0.2" is a plain semver version for braces
349 verbose get https://registry.npmjs.org/is-glob not expired, no request
350 silly addNameRange number 2 { name: 'is-glob', range: '>=4.0.1 <4.1.0', hasData: true }
351 silly addNameRange versions [ 'is-glob',
351 silly addNameRange   [ '0.1.0',
351 silly addNameRange     '0.2.0',
351 silly addNameRange     '0.3.0',
351 silly addNameRange     '1.0.0',
351 silly addNameRange     '1.1.0',
351 silly addNameRange     '1.1.1',
351 silly addNameRange     '1.1.2',
351 silly addNameRange     '1.1.3',
351 silly addNameRange     '2.0.0',
351 silly addNameRange     '2.0.1',
351 silly addNameRange     '3.0.0',
351 silly addNameRange     '3.1.0',
351 silly addNameRange     '4.0.0',
351 silly addNameRange     '4.0.1' ] ]
352 silly addNamed is-glob@4.0.1
353 verbose addNamed "4.0.1" is a plain semver version for is-glob
354 silly resolveWithNewModule readdirp@3.3.0 checking installable status
355 silly cache add args [ 'readdirp@~3.3.0', null ]
356 verbose cache add spec readdirp@~3.3.0
357 silly cache add parsed spec Result {
357 silly cache add   raw: 'readdirp@~3.3.0',
357 silly cache add   scope: null,
357 silly cache add   name: 'readdirp',
357 silly cache add   rawSpec: '~3.3.0',
357 silly cache add   spec: '>=3.3.0 <3.4.0',
357 silly cache add   type: 'range' }
358 silly addNamed readdirp@>=3.3.0 <3.4.0
359 verbose addNamed ">=3.3.0 <3.4.0" is a valid semver range for readdirp
360 silly addNameRange { name: 'readdirp', range: '>=3.3.0 <3.4.0', hasData: false }
361 silly mapToRegistry name readdirp
362 silly mapToRegistry using default registry
363 silly mapToRegistry registry https://registry.npmjs.org/
364 silly mapToRegistry uri https://registry.npmjs.org/readdirp
365 verbose addNameRange registry:https://registry.npmjs.org/readdirp not in flight; fetching
366 verbose get https://registry.npmjs.org/glob-parent not expired, no request
367 silly addNameRange number 2 { name: 'glob-parent', range: '>=5.1.0 <5.2.0', hasData: true }
368 silly addNameRange versions [ 'glob-parent',
368 silly addNameRange   [ '1.0.0',
368 silly addNameRange     '1.1.0',
368 silly addNameRange     '1.2.0',
368 silly addNameRange     '1.3.0',
368 silly addNameRange     '2.0.0',
368 silly addNameRange     '3.0.0',
368 silly addNameRange     '3.0.1',
368 silly addNameRange     '3.1.0',
368 silly addNameRange     '4.0.0',
368 silly addNameRange     '5.0.0',
368 silly addNameRange     '5.1.0',
368 silly addNameRange     '5.1.1' ] ]
369 silly addNamed glob-parent@5.1.1
370 verbose addNamed "5.1.1" is a plain semver version for glob-parent
371 silly mapToRegistry name is-binary-path
372 silly mapToRegistry using default registry
373 silly mapToRegistry registry https://registry.npmjs.org/
374 silly mapToRegistry uri https://registry.npmjs.org/is-binary-path
375 verbose addRemoteTarball https://registry.npmjs.org/is-binary-path/-/is-binary-path-2.1.0.tgz not in flight; adding
376 verbose addRemoteTarball [ 'https://registry.npmjs.org/is-binary-path/-/is-binary-path-2.1.0.tgz',
376 verbose addRemoteTarball   'ea1f7f3b80f064236e83470f86c09c254fb45b09' ]
377 silly mapToRegistry name braces
378 silly mapToRegistry using default registry
379 silly mapToRegistry registry https://registry.npmjs.org/
380 silly mapToRegistry uri https://registry.npmjs.org/braces
381 verbose addRemoteTarball https://registry.npmjs.org/braces/-/braces-3.0.2.tgz not in flight; adding
382 verbose addRemoteTarball [ 'https://registry.npmjs.org/braces/-/braces-3.0.2.tgz',
382 verbose addRemoteTarball   '3454e1a462ee8d599e236df336cd9ea4f8afe107' ]
383 silly mapToRegistry name glob-parent
384 silly mapToRegistry using default registry
385 silly mapToRegistry registry https://registry.npmjs.org/
386 silly mapToRegistry uri https://registry.npmjs.org/glob-parent
387 verbose addRemoteTarball https://registry.npmjs.org/glob-parent/-/glob-parent-5.1.1.tgz not in flight; adding
388 verbose addRemoteTarball [ 'https://registry.npmjs.org/glob-parent/-/glob-parent-5.1.1.tgz',
388 verbose addRemoteTarball   'b6c1ef417c4e5663ea498f1c45afac6916bbc229' ]
389 info retry fetch attempt 1 at 21:24:52
390 info attempt registry request try #1 at 21:24:52
391 http fetch GET https://registry.npmjs.org/is-binary-path/-/is-binary-path-2.1.0.tgz
392 silly resolveWithNewModule fsevents@2.1.2 checking installable status
393 info retry fetch attempt 1 at 21:24:52
394 info attempt registry request try #1 at 21:24:52
395 http fetch GET https://registry.npmjs.org/braces/-/braces-3.0.2.tgz
396 info retry fetch attempt 1 at 21:24:52
397 info attempt registry request try #1 at 21:24:52
398 http fetch GET https://registry.npmjs.org/glob-parent/-/glob-parent-5.1.1.tgz
399 verbose get https://registry.npmjs.org/readdirp not expired, no request
400 silly addNameRange number 2 { name: 'readdirp', range: '>=3.3.0 <3.4.0', hasData: true }
401 silly addNameRange versions [ 'readdirp',
401 silly addNameRange   [ '0.1.0',
401 silly addNameRange     '0.1.1',
401 silly addNameRange     '0.1.2',
401 silly addNameRange     '0.1.3',
401 silly addNameRange     '0.1.4',
401 silly addNameRange     '0.2.0',
401 silly addNameRange     '0.2.1',
401 silly addNameRange     '0.2.2',
401 silly addNameRange     '0.2.3',
401 silly addNameRange     '0.2.4',
401 silly addNameRange     '0.2.5',
401 silly addNameRange     '0.3.0',
401 silly addNameRange     '0.3.1',
401 silly addNameRange     '0.3.2',
401 silly addNameRange     '0.3.3',
401 silly addNameRange     '0.4.0',
401 silly addNameRange     '1.0.0',
401 silly addNameRange     '1.0.1',
401 silly addNameRange     '1.1.0',
401 silly addNameRange     '1.2.0',
401 silly addNameRange     '1.3.0',
401 silly addNameRange     '1.4.0',
401 silly addNameRange     '2.0.0',
401 silly addNameRange     '2.0.1',
401 silly addNameRange     '2.1.0',
401 silly addNameRange     '2.2.0',
401 silly addNameRange     '2.2.1',
401 silly addNameRange     '3.0.0',
401 silly addNameRange     '3.0.1',
401 silly addNameRange     '3.0.2',
401 silly addNameRange     '3.0.3',
401 silly addNameRange     '3.1.0',
401 silly addNameRange     '3.1.1',
401 silly addNameRange     '3.1.2',
401 silly addNameRange     '3.1.3',
401 silly addNameRange     '3.2.0',
401 silly addNameRange     '3.3.0',
401 silly addNameRange     '3.4.0' ] ]
402 silly addNamed readdirp@3.3.0
403 verbose addNamed "3.3.0" is a plain semver version for readdirp
404 silly mapToRegistry name readdirp
405 silly mapToRegistry using default registry
406 silly mapToRegistry registry https://registry.npmjs.org/
407 silly mapToRegistry uri https://registry.npmjs.org/readdirp
408 verbose addRemoteTarball https://registry.npmjs.org/readdirp/-/readdirp-3.3.0.tgz not in flight; adding
409 verbose addRemoteTarball [ 'https://registry.npmjs.org/readdirp/-/readdirp-3.3.0.tgz',
409 verbose addRemoteTarball   '984458d13a1e42e2e9f5841b129e162f369aff17' ]
410 silly cache afterAdd normalize-path@3.0.0
411 verbose afterAdd /home/danil/.npm/normalize-path/3.0.0/package/package.json not in flight; writing
412 silly cache afterAdd is-glob@4.0.1
413 verbose afterAdd /home/danil/.npm/is-glob/4.0.1/package/package.json not in flight; writing
414 info retry fetch attempt 1 at 21:24:52
415 info attempt registry request try #1 at 21:24:52
416 http fetch GET https://registry.npmjs.org/readdirp/-/readdirp-3.3.0.tgz
417 verbose afterAdd /home/danil/.npm/normalize-path/3.0.0/package/package.json written
418 verbose afterAdd /home/danil/.npm/is-glob/4.0.1/package/package.json written
419 http fetch 200 https://registry.npmjs.org/is-binary-path/-/is-binary-path-2.1.0.tgz
420 http fetch 200 https://registry.npmjs.org/braces/-/braces-3.0.2.tgz
421 http fetch 200 https://registry.npmjs.org/glob-parent/-/glob-parent-5.1.1.tgz
422 silly fetchAndShaCheck shasum ea1f7f3b80f064236e83470f86c09c254fb45b09
423 silly fetchAndShaCheck shasum 3454e1a462ee8d599e236df336cd9ea4f8afe107
424 verbose addTmpTarball /tmp/npm-8774-018f9065/registry.npmjs.org/is-binary-path/-/is-binary-path-2.1.0.tgz not in flight; adding
425 verbose addTmpTarball already have metadata; skipping unpack for is-binary-path@2.1.0
426 silly fetchAndShaCheck shasum b6c1ef417c4e5663ea498f1c45afac6916bbc229
427 verbose addTmpTarball /tmp/npm-8774-018f9065/registry.npmjs.org/braces/-/braces-3.0.2.tgz not in flight; adding
428 verbose addTmpTarball already have metadata; skipping unpack for braces@3.0.2
429 verbose addTmpTarball /tmp/npm-8774-018f9065/registry.npmjs.org/glob-parent/-/glob-parent-5.1.1.tgz not in flight; adding
430 verbose addTmpTarball already have metadata; skipping unpack for glob-parent@5.1.1
431 silly cache afterAdd is-binary-path@2.1.0
432 verbose afterAdd /home/danil/.npm/is-binary-path/2.1.0/package/package.json not in flight; writing
433 silly cache afterAdd braces@3.0.2
434 verbose afterAdd /home/danil/.npm/braces/3.0.2/package/package.json not in flight; writing
435 verbose afterAdd /home/danil/.npm/is-binary-path/2.1.0/package/package.json written
436 verbose afterAdd /home/danil/.npm/braces/3.0.2/package/package.json written
437 http fetch 200 https://registry.npmjs.org/readdirp/-/readdirp-3.3.0.tgz
438 silly fetchAndShaCheck shasum 984458d13a1e42e2e9f5841b129e162f369aff17
439 verbose addTmpTarball /tmp/npm-8774-018f9065/registry.npmjs.org/readdirp/-/readdirp-3.3.0.tgz not in flight; adding
440 verbose addTmpTarball already have metadata; skipping unpack for readdirp@3.3.0
441 silly cache afterAdd glob-parent@5.1.1
442 verbose afterAdd /home/danil/.npm/glob-parent/5.1.1/package/package.json not in flight; writing
443 verbose afterAdd /home/danil/.npm/glob-parent/5.1.1/package/package.json written
444 silly cache afterAdd readdirp@3.3.0
445 verbose afterAdd /home/danil/.npm/readdirp/3.3.0/package/package.json not in flight; writing
446 verbose afterAdd /home/danil/.npm/readdirp/3.3.0/package/package.json written
447 silly fetchNamedPackageData picomatch
448 silly mapToRegistry name picomatch
449 silly mapToRegistry using default registry
450 silly mapToRegistry registry https://registry.npmjs.org/
451 silly mapToRegistry uri https://registry.npmjs.org/picomatch
452 verbose request uri https://registry.npmjs.org/picomatch
453 verbose request no auth needed
454 info attempt registry request try #1 at 21:24:52
455 http request GET https://registry.npmjs.org/picomatch
456 http 200 https://registry.npmjs.org/picomatch
457 verbose headers { date: 'Sun, 29 Mar 2020 16:24:52 GMT',
457 verbose headers   'content-type': 'application/json',
457 verbose headers   'transfer-encoding': 'chunked',
457 verbose headers   connection: 'keep-alive',
457 verbose headers   'set-cookie':
457 verbose headers    [ '__cfduid=d716639e4683c269733ba60bf79a8a5381585499092; expires=Tue, 28-Apr-20 16:24:52 GMT; path=/; domain=.npmjs.org; HttpOnly; SameSite=Lax' ],
457 verbose headers   'cf-ray': '57baf1927d07758f-DME',
457 verbose headers   age: '38',
457 verbose headers   'cache-control': 'public, max-age=300',
457 verbose headers   etag: 'W/"0437948f0e21e572322c0051a3d8e5e0"',
457 verbose headers   'last-modified': 'Sat, 21 Mar 2020 11:32:18 GMT',
457 verbose headers   vary: 'accept-encoding, accept',
457 verbose headers   'cf-cache-status': 'HIT',
457 verbose headers   'expect-ct': 'max-age=604800, report-uri="https://report-uri.cloudflare.com/cdn-cgi/beacon/expect-ct"',
457 verbose headers   server: 'cloudflare',
457 verbose headers   'content-encoding': 'gzip' }
458 silly get cb [ 200,
458 silly get   { date: 'Sun, 29 Mar 2020 16:24:52 GMT',
458 silly get     'content-type': 'application/json',
458 silly get     'transfer-encoding': 'chunked',
458 silly get     connection: 'keep-alive',
458 silly get     'set-cookie':
458 silly get      [ '__cfduid=d716639e4683c269733ba60bf79a8a5381585499092; expires=Tue, 28-Apr-20 16:24:52 GMT; path=/; domain=.npmjs.org; HttpOnly; SameSite=Lax' ],
458 silly get     'cf-ray': '57baf1927d07758f-DME',
458 silly get     age: '38',
458 silly get     'cache-control': 'public, max-age=300',
458 silly get     etag: 'W/"0437948f0e21e572322c0051a3d8e5e0"',
458 silly get     'last-modified': 'Sat, 21 Mar 2020 11:32:18 GMT',
458 silly get     vary: 'accept-encoding, accept',
458 silly get     'cf-cache-status': 'HIT',
458 silly get     'expect-ct': 'max-age=604800, report-uri="https://report-uri.cloudflare.com/cdn-cgi/beacon/expect-ct"',
458 silly get     server: 'cloudflare',
458 silly get     'content-encoding': 'gzip' } ]
459 verbose get saving picomatch to /home/danil/.npm/registry.npmjs.org/picomatch/.cache.json
460 silly resolveWithNewModule picomatch@2.2.2 checking installable status
461 silly cache add args [ 'picomatch@^2.0.4', null ]
462 verbose cache add spec picomatch@^2.0.4
463 silly cache add parsed spec Result {
463 silly cache add   raw: 'picomatch@^2.0.4',
463 silly cache add   scope: null,
463 silly cache add   name: 'picomatch',
463 silly cache add   rawSpec: '^2.0.4',
463 silly cache add   spec: '>=2.0.4 <3.0.0',
463 silly cache add   type: 'range' }
464 silly addNamed picomatch@>=2.0.4 <3.0.0
465 verbose addNamed ">=2.0.4 <3.0.0" is a valid semver range for picomatch
466 silly addNameRange { name: 'picomatch', range: '>=2.0.4 <3.0.0', hasData: false }
467 silly mapToRegistry name picomatch
468 silly mapToRegistry using default registry
469 silly mapToRegistry registry https://registry.npmjs.org/
470 silly mapToRegistry uri https://registry.npmjs.org/picomatch
471 verbose addNameRange registry:https://registry.npmjs.org/picomatch not in flight; fetching
472 verbose get https://registry.npmjs.org/picomatch not expired, no request
473 silly addNameRange number 2 { name: 'picomatch', range: '>=2.0.4 <3.0.0', hasData: true }
474 silly addNameRange versions [ 'picomatch',
474 silly addNameRange   [ '1.0.0',
474 silly addNameRange     '1.0.1',
474 silly addNameRange     '1.0.2',
474 silly addNameRange     '1.1.0',
474 silly addNameRange     '1.1.1',
474 silly addNameRange     '1.1.2',
474 silly addNameRange     '1.2.0',
474 silly addNameRange     '2.0.0',
474 silly addNameRange     '2.0.1',
474 silly addNameRange     '2.0.2',
474 silly addNameRange     '2.0.3',
474 silly addNameRange     '2.0.4',
474 silly addNameRange     '2.0.5',
474 silly addNameRange     '2.0.6',
474 silly addNameRange     '2.0.7',
474 silly addNameRange     '2.1.0',
474 silly addNameRange     '2.1.1',
474 silly addNameRange     '2.2.0',
474 silly addNameRange     '2.2.1',
474 silly addNameRange     '2.2.2' ] ]
475 silly addNamed picomatch@2.2.2
476 verbose addNamed "2.2.2" is a plain semver version for picomatch
477 silly mapToRegistry name picomatch
478 silly mapToRegistry using default registry
479 silly mapToRegistry registry https://registry.npmjs.org/
480 silly mapToRegistry uri https://registry.npmjs.org/picomatch
481 verbose addRemoteTarball https://registry.npmjs.org/picomatch/-/picomatch-2.2.2.tgz not in flight; adding
482 verbose addRemoteTarball [ 'https://registry.npmjs.org/picomatch/-/picomatch-2.2.2.tgz',
482 verbose addRemoteTarball   '21f333e9b6b8eaff02468f5146ea406d345f4dad' ]
483 info retry fetch attempt 1 at 21:24:52
484 info attempt registry request try #1 at 21:24:52
485 http fetch GET https://registry.npmjs.org/picomatch/-/picomatch-2.2.2.tgz
486 http fetch 200 https://registry.npmjs.org/picomatch/-/picomatch-2.2.2.tgz
487 silly fetchAndShaCheck shasum 21f333e9b6b8eaff02468f5146ea406d345f4dad
488 verbose addTmpTarball /tmp/npm-8774-018f9065/registry.npmjs.org/picomatch/-/picomatch-2.2.2.tgz not in flight; adding
489 verbose addTmpTarball already have metadata; skipping unpack for picomatch@2.2.2
490 silly cache afterAdd picomatch@2.2.2
491 verbose afterAdd /home/danil/.npm/picomatch/2.2.2/package/package.json not in flight; writing
492 verbose afterAdd /home/danil/.npm/picomatch/2.2.2/package/package.json written
493 silly fetchNamedPackageData fill-range
494 silly mapToRegistry name fill-range
495 silly mapToRegistry using default registry
496 silly mapToRegistry registry https://registry.npmjs.org/
497 silly mapToRegistry uri https://registry.npmjs.org/fill-range
498 verbose request uri https://registry.npmjs.org/fill-range
499 verbose request no auth needed
500 info attempt registry request try #1 at 21:24:53
501 verbose etag W/"4eeac3d2c052a828a0fc7deef4bbc99e"
502 verbose lastModified Mon, 08 Apr 2019 13:42:42 GMT
503 http request GET https://registry.npmjs.org/fill-range
504 http 304 https://registry.npmjs.org/fill-range
505 verbose headers { date: 'Sun, 29 Mar 2020 16:24:53 GMT',
505 verbose headers   connection: 'keep-alive',
505 verbose headers   'set-cookie':
505 verbose headers    [ '__cfduid=d989506eb5f990fc50ff8d009be64f17c1585499093; expires=Tue, 28-Apr-20 16:24:53 GMT; path=/; domain=.npmjs.org; HttpOnly; SameSite=Lax' ],
505 verbose headers   'cf-ray': '57baf1936b6c8f07-DME',
505 verbose headers   age: '1172',
505 verbose headers   'cache-control': 'public, max-age=300',
505 verbose headers   etag: '"4eeac3d2c052a828a0fc7deef4bbc99e"',
505 verbose headers   'last-modified': 'Mon, 08 Apr 2019 13:42:42 GMT',
505 verbose headers   vary: 'Accept-Encoding',
505 verbose headers   'cf-cache-status': 'HIT',
505 verbose headers   'expect-ct': 'max-age=604800, report-uri="https://report-uri.cloudflare.com/cdn-cgi/beacon/expect-ct"',
505 verbose headers   server: 'cloudflare' }
506 silly get cb [ 304,
506 silly get   { date: 'Sun, 29 Mar 2020 16:24:53 GMT',
506 silly get     connection: 'keep-alive',
506 silly get     'set-cookie':
506 silly get      [ '__cfduid=d989506eb5f990fc50ff8d009be64f17c1585499093; expires=Tue, 28-Apr-20 16:24:53 GMT; path=/; domain=.npmjs.org; HttpOnly; SameSite=Lax' ],
506 silly get     'cf-ray': '57baf1936b6c8f07-DME',
506 silly get     age: '1172',
506 silly get     'cache-control': 'public, max-age=300',
506 silly get     etag: '"4eeac3d2c052a828a0fc7deef4bbc99e"',
506 silly get     'last-modified': 'Mon, 08 Apr 2019 13:42:42 GMT',
506 silly get     vary: 'Accept-Encoding',
506 silly get     'cf-cache-status': 'HIT',
506 silly get     'expect-ct': 'max-age=604800, report-uri="https://report-uri.cloudflare.com/cdn-cgi/beacon/expect-ct"',
506 silly get     server: 'cloudflare' } ]
507 verbose etag https://registry.npmjs.org/fill-range from cache
508 verbose get saving fill-range to /home/danil/.npm/registry.npmjs.org/fill-range/.cache.json
509 silly resolveWithNewModule fill-range@7.0.1 checking installable status
510 silly cache add args [ 'fill-range@^7.0.1', null ]
511 verbose cache add spec fill-range@^7.0.1
512 silly cache add parsed spec Result {
512 silly cache add   raw: 'fill-range@^7.0.1',
512 silly cache add   scope: null,
512 silly cache add   name: 'fill-range',
512 silly cache add   rawSpec: '^7.0.1',
512 silly cache add   spec: '>=7.0.1 <8.0.0',
512 silly cache add   type: 'range' }
513 silly addNamed fill-range@>=7.0.1 <8.0.0
514 verbose addNamed ">=7.0.1 <8.0.0" is a valid semver range for fill-range
515 silly addNameRange { name: 'fill-range', range: '>=7.0.1 <8.0.0', hasData: false }
516 silly mapToRegistry name fill-range
517 silly mapToRegistry using default registry
518 silly mapToRegistry registry https://registry.npmjs.org/
519 silly mapToRegistry uri https://registry.npmjs.org/fill-range
520 verbose addNameRange registry:https://registry.npmjs.org/fill-range not in flight; fetching
521 verbose get https://registry.npmjs.org/fill-range not expired, no request
522 silly addNameRange number 2 { name: 'fill-range', range: '>=7.0.1 <8.0.0', hasData: true }
523 silly addNameRange versions [ 'fill-range',
523 silly addNameRange   [ '0.1.0',
523 silly addNameRange     '0.1.1',
523 silly addNameRange     '0.2.0',
523 silly addNameRange     '1.0.0',
523 silly addNameRange     '1.1.0',
523 silly addNameRange     '1.2.0',
523 silly addNameRange     '1.3.0',
523 silly addNameRange     '1.4.0',
523 silly addNameRange     '1.5.0',
523 silly addNameRange     '1.6.0',
523 silly addNameRange     '1.7.0',
523 silly addNameRange     '1.7.1',
523 silly addNameRange     '1.8.0',
523 silly addNameRange     '1.9.0',
523 silly addNameRange     '2.0.0',
523 silly addNameRange     '2.1.0',
523 silly addNameRange     '2.2.0',
523 silly addNameRange     '2.2.1',
523 silly addNameRange     '2.2.2',
523 silly addNameRange     '2.2.3',
523 silly addNameRange     '3.0.0',
523 silly addNameRange     '3.0.1',
523 silly addNameRange     '3.0.2',
523 silly addNameRange     '3.0.3',
523 silly addNameRange     '3.1.0',
523 silly addNameRange     '3.1.1',
523 silly addNameRange     '4.0.0',
523 silly addNameRange     '5.0.0',
523 silly addNameRange     '2.2.4',
523 silly addNameRange     '6.0.0',
523 silly addNameRange     '7.0.0',
523 silly addNameRange     '7.0.1' ] ]
524 silly addNamed fill-range@7.0.1
525 verbose addNamed "7.0.1" is a plain semver version for fill-range
526 silly mapToRegistry name fill-range
527 silly mapToRegistry using default registry
528 silly mapToRegistry registry https://registry.npmjs.org/
529 silly mapToRegistry uri https://registry.npmjs.org/fill-range
530 verbose addRemoteTarball https://registry.npmjs.org/fill-range/-/fill-range-7.0.1.tgz not in flight; adding
531 verbose addRemoteTarball [ 'https://registry.npmjs.org/fill-range/-/fill-range-7.0.1.tgz',
531 verbose addRemoteTarball   '1919a6a7c75fe38b2c7c77e5198535da9acdda40' ]
532 info retry fetch attempt 1 at 21:24:53
533 info attempt registry request try #1 at 21:24:53
534 http fetch GET https://registry.npmjs.org/fill-range/-/fill-range-7.0.1.tgz
535 http fetch 200 https://registry.npmjs.org/fill-range/-/fill-range-7.0.1.tgz
536 silly fetchAndShaCheck shasum 1919a6a7c75fe38b2c7c77e5198535da9acdda40
537 verbose addTmpTarball /tmp/npm-8774-018f9065/registry.npmjs.org/fill-range/-/fill-range-7.0.1.tgz not in flight; adding
538 verbose addTmpTarball already have metadata; skipping unpack for fill-range@7.0.1
539 silly cache afterAdd fill-range@7.0.1
540 verbose afterAdd /home/danil/.npm/fill-range/7.0.1/package/package.json not in flight; writing
541 verbose afterAdd /home/danil/.npm/fill-range/7.0.1/package/package.json written
542 silly fetchNamedPackageData to-regex-range
543 silly mapToRegistry name to-regex-range
544 silly mapToRegistry using default registry
545 silly mapToRegistry registry https://registry.npmjs.org/
546 silly mapToRegistry uri https://registry.npmjs.org/to-regex-range
547 verbose request uri https://registry.npmjs.org/to-regex-range
548 verbose request no auth needed
549 info attempt registry request try #1 at 21:24:53
550 verbose etag W/"c16671d126f61886b4fedbad415ca4c2"
551 verbose lastModified Sun, 07 Apr 2019 06:04:40 GMT
552 http request GET https://registry.npmjs.org/to-regex-range
553 http 304 https://registry.npmjs.org/to-regex-range
554 verbose headers { date: 'Sun, 29 Mar 2020 16:24:53 GMT',
554 verbose headers   connection: 'keep-alive',
554 verbose headers   'set-cookie':
554 verbose headers    [ '__cfduid=d09a805250e103ec63d8dfdefb50e54f11585499093; expires=Tue, 28-Apr-20 16:24:53 GMT; path=/; domain=.npmjs.org; HttpOnly; SameSite=Lax' ],
554 verbose headers   'cf-ray': '57baf194be2275ab-DME',
554 verbose headers   age: '1172',
554 verbose headers   'cache-control': 'public, max-age=300',
554 verbose headers   etag: '"c16671d126f61886b4fedbad415ca4c2"',
554 verbose headers   'last-modified': 'Sun, 07 Apr 2019 06:04:40 GMT',
554 verbose headers   vary: 'Accept-Encoding',
554 verbose headers   'cf-cache-status': 'HIT',
554 verbose headers   'expect-ct': 'max-age=604800, report-uri="https://report-uri.cloudflare.com/cdn-cgi/beacon/expect-ct"',
554 verbose headers   server: 'cloudflare' }
555 silly get cb [ 304,
555 silly get   { date: 'Sun, 29 Mar 2020 16:24:53 GMT',
555 silly get     connection: 'keep-alive',
555 silly get     'set-cookie':
555 silly get      [ '__cfduid=d09a805250e103ec63d8dfdefb50e54f11585499093; expires=Tue, 28-Apr-20 16:24:53 GMT; path=/; domain=.npmjs.org; HttpOnly; SameSite=Lax' ],
555 silly get     'cf-ray': '57baf194be2275ab-DME',
555 silly get     age: '1172',
555 silly get     'cache-control': 'public, max-age=300',
555 silly get     etag: '"c16671d126f61886b4fedbad415ca4c2"',
555 silly get     'last-modified': 'Sun, 07 Apr 2019 06:04:40 GMT',
555 silly get     vary: 'Accept-Encoding',
555 silly get     'cf-cache-status': 'HIT',
555 silly get     'expect-ct': 'max-age=604800, report-uri="https://report-uri.cloudflare.com/cdn-cgi/beacon/expect-ct"',
555 silly get     server: 'cloudflare' } ]
556 verbose etag https://registry.npmjs.org/to-regex-range from cache
557 verbose get saving to-regex-range to /home/danil/.npm/registry.npmjs.org/to-regex-range/.cache.json
558 silly resolveWithNewModule to-regex-range@5.0.1 checking installable status
559 silly cache add args [ 'to-regex-range@^5.0.1', null ]
560 verbose cache add spec to-regex-range@^5.0.1
561 silly cache add parsed spec Result {
561 silly cache add   raw: 'to-regex-range@^5.0.1',
561 silly cache add   scope: null,
561 silly cache add   name: 'to-regex-range',
561 silly cache add   rawSpec: '^5.0.1',
561 silly cache add   spec: '>=5.0.1 <6.0.0',
561 silly cache add   type: 'range' }
562 silly addNamed to-regex-range@>=5.0.1 <6.0.0
563 verbose addNamed ">=5.0.1 <6.0.0" is a valid semver range for to-regex-range
564 silly addNameRange { name: 'to-regex-range',
564 silly addNameRange   range: '>=5.0.1 <6.0.0',
564 silly addNameRange   hasData: false }
565 silly mapToRegistry name to-regex-range
566 silly mapToRegistry using default registry
567 silly mapToRegistry registry https://registry.npmjs.org/
568 silly mapToRegistry uri https://registry.npmjs.org/to-regex-range
569 verbose addNameRange registry:https://registry.npmjs.org/to-regex-range not in flight; fetching
570 verbose get https://registry.npmjs.org/to-regex-range not expired, no request
571 silly addNameRange number 2 { name: 'to-regex-range',
571 silly addNameRange   range: '>=5.0.1 <6.0.0',
571 silly addNameRange   hasData: true }
572 silly addNameRange versions [ 'to-regex-range',
572 silly addNameRange   [ '0.1.0',
572 silly addNameRange     '0.1.1',
572 silly addNameRange     '0.1.2',
572 silly addNameRange     '0.1.3',
572 silly addNameRange     '0.2.0',
572 silly addNameRange     '1.0.0',
572 silly addNameRange     '1.0.1',
572 silly addNameRange     '1.0.2',
572 silly addNameRange     '2.0.0',
572 silly addNameRange     '2.1.0',
572 silly addNameRange     '2.1.1',
572 silly addNameRange     '3.0.0',
572 silly addNameRange     '4.0.0',
572 silly addNameRange     '4.0.1',
572 silly addNameRange     '4.0.2',
572 silly addNameRange     '4.0.3',
572 silly addNameRange     '5.0.0',
572 silly addNameRange     '5.0.1' ] ]
573 silly addNamed to-regex-range@5.0.1
574 verbose addNamed "5.0.1" is a plain semver version for to-regex-range
575 silly mapToRegistry name to-regex-range
576 silly mapToRegistry using default registry
577 silly mapToRegistry registry https://registry.npmjs.org/
578 silly mapToRegistry uri https://registry.npmjs.org/to-regex-range
579 verbose addRemoteTarball https://registry.npmjs.org/to-regex-range/-/to-regex-range-5.0.1.tgz not in flight; adding
580 verbose addRemoteTarball [ 'https://registry.npmjs.org/to-regex-range/-/to-regex-range-5.0.1.tgz',
580 verbose addRemoteTarball   '1648c44aae7c8d988a326018ed72f5b4dd0392e4' ]
581 info retry fetch attempt 1 at 21:24:53
582 info attempt registry request try #1 at 21:24:53
583 http fetch GET https://registry.npmjs.org/to-regex-range/-/to-regex-range-5.0.1.tgz
584 http fetch 200 https://registry.npmjs.org/to-regex-range/-/to-regex-range-5.0.1.tgz
585 silly fetchAndShaCheck shasum 1648c44aae7c8d988a326018ed72f5b4dd0392e4
586 verbose addTmpTarball /tmp/npm-8774-018f9065/registry.npmjs.org/to-regex-range/-/to-regex-range-5.0.1.tgz not in flight; adding
587 verbose addTmpTarball already have metadata; skipping unpack for to-regex-range@5.0.1
588 silly cache afterAdd to-regex-range@5.0.1
589 verbose afterAdd /home/danil/.npm/to-regex-range/5.0.1/package/package.json not in flight; writing
590 verbose afterAdd /home/danil/.npm/to-regex-range/5.0.1/package/package.json written
591 silly fetchNamedPackageData is-number
592 silly mapToRegistry name is-number
593 silly mapToRegistry using default registry
594 silly mapToRegistry registry https://registry.npmjs.org/
595 silly mapToRegistry uri https://registry.npmjs.org/is-number
596 verbose request uri https://registry.npmjs.org/is-number
597 verbose request no auth needed
598 info attempt registry request try #1 at 21:24:53
599 verbose etag W/"1d40f5d36d202ca83b2212f8bf3e4622"
600 verbose lastModified Wed, 04 Jul 2018 15:09:05 GMT
601 http request GET https://registry.npmjs.org/is-number
602 http 304 https://registry.npmjs.org/is-number
603 verbose headers { date: 'Sun, 29 Mar 2020 16:24:53 GMT',
603 verbose headers   connection: 'keep-alive',
603 verbose headers   'set-cookie':
603 verbose headers    [ '__cfduid=d951dff93ff4693776446fe574c34daeb1585499093; expires=Tue, 28-Apr-20 16:24:53 GMT; path=/; domain=.npmjs.org; HttpOnly; SameSite=Lax' ],
603 verbose headers   'cf-ray': '57baf1955d8c4991-DME',
603 verbose headers   age: '1772',
603 verbose headers   'cache-control': 'public, max-age=300',
603 verbose headers   etag: '"1d40f5d36d202ca83b2212f8bf3e4622"',
603 verbose headers   'last-modified': 'Wed, 04 Jul 2018 15:09:05 GMT',
603 verbose headers   vary: 'Accept-Encoding',
603 verbose headers   'cf-cache-status': 'HIT',
603 verbose headers   'expect-ct': 'max-age=604800, report-uri="https://report-uri.cloudflare.com/cdn-cgi/beacon/expect-ct"',
603 verbose headers   server: 'cloudflare' }
604 silly get cb [ 304,
604 silly get   { date: 'Sun, 29 Mar 2020 16:24:53 GMT',
604 silly get     connection: 'keep-alive',
604 silly get     'set-cookie':
604 silly get      [ '__cfduid=d951dff93ff4693776446fe574c34daeb1585499093; expires=Tue, 28-Apr-20 16:24:53 GMT; path=/; domain=.npmjs.org; HttpOnly; SameSite=Lax' ],
604 silly get     'cf-ray': '57baf1955d8c4991-DME',
604 silly get     age: '1772',
604 silly get     'cache-control': 'public, max-age=300',
604 silly get     etag: '"1d40f5d36d202ca83b2212f8bf3e4622"',
604 silly get     'last-modified': 'Wed, 04 Jul 2018 15:09:05 GMT',
604 silly get     vary: 'Accept-Encoding',
604 silly get     'cf-cache-status': 'HIT',
604 silly get     'expect-ct': 'max-age=604800, report-uri="https://report-uri.cloudflare.com/cdn-cgi/beacon/expect-ct"',
604 silly get     server: 'cloudflare' } ]
605 verbose etag https://registry.npmjs.org/is-number from cache
606 verbose get saving is-number to /home/danil/.npm/registry.npmjs.org/is-number/.cache.json
607 silly resolveWithNewModule is-number@7.0.0 checking installable status
608 silly cache add args [ 'is-number@^7.0.0', null ]
609 verbose cache add spec is-number@^7.0.0
610 silly cache add parsed spec Result {
610 silly cache add   raw: 'is-number@^7.0.0',
610 silly cache add   scope: null,
610 silly cache add   name: 'is-number',
610 silly cache add   rawSpec: '^7.0.0',
610 silly cache add   spec: '>=7.0.0 <8.0.0',
610 silly cache add   type: 'range' }
611 silly addNamed is-number@>=7.0.0 <8.0.0
612 verbose addNamed ">=7.0.0 <8.0.0" is a valid semver range for is-number
613 silly addNameRange { name: 'is-number', range: '>=7.0.0 <8.0.0', hasData: false }
614 silly mapToRegistry name is-number
615 silly mapToRegistry using default registry
616 silly mapToRegistry registry https://registry.npmjs.org/
617 silly mapToRegistry uri https://registry.npmjs.org/is-number
618 verbose addNameRange registry:https://registry.npmjs.org/is-number not in flight; fetching
619 verbose get https://registry.npmjs.org/is-number not expired, no request
620 silly addNameRange number 2 { name: 'is-number', range: '>=7.0.0 <8.0.0', hasData: true }
621 silly addNameRange versions [ 'is-number',
621 silly addNameRange   [ '0.1.0',
621 silly addNameRange     '0.1.1',
621 silly addNameRange     '1.0.0',
621 silly addNameRange     '1.1.0',
621 silly addNameRange     '1.1.1',
621 silly addNameRange     '1.1.2',
621 silly addNameRange     '2.0.0',
621 silly addNameRange     '2.0.1',
621 silly addNameRange     '2.0.2',
621 silly addNameRange     '2.1.0',
621 silly addNameRange     '3.0.0',
621 silly addNameRange     '4.0.0',
621 silly addNameRange     '5.0.0',
621 silly addNameRange     '6.0.0',
621 silly addNameRange     '7.0.0' ] ]
622 silly addNamed is-number@7.0.0
623 verbose addNamed "7.0.0" is a plain semver version for is-number
624 silly mapToRegistry name is-number
625 silly mapToRegistry using default registry
626 silly mapToRegistry registry https://registry.npmjs.org/
627 silly mapToRegistry uri https://registry.npmjs.org/is-number
628 verbose addRemoteTarball https://registry.npmjs.org/is-number/-/is-number-7.0.0.tgz not in flight; adding
629 verbose addRemoteTarball [ 'https://registry.npmjs.org/is-number/-/is-number-7.0.0.tgz',
629 verbose addRemoteTarball   '7535345b896734d5f80c4d06c50955527a14f12b' ]
630 info retry fetch attempt 1 at 21:24:53
631 info attempt registry request try #1 at 21:24:53
632 http fetch GET https://registry.npmjs.org/is-number/-/is-number-7.0.0.tgz
633 http fetch 200 https://registry.npmjs.org/is-number/-/is-number-7.0.0.tgz
634 silly fetchAndShaCheck shasum 7535345b896734d5f80c4d06c50955527a14f12b
635 verbose addTmpTarball /tmp/npm-8774-018f9065/registry.npmjs.org/is-number/-/is-number-7.0.0.tgz not in flight; adding
636 verbose addTmpTarball already have metadata; skipping unpack for is-number@7.0.0
637 silly cache afterAdd is-number@7.0.0
638 verbose afterAdd /home/danil/.npm/is-number/7.0.0/package/package.json not in flight; writing
639 verbose afterAdd /home/danil/.npm/is-number/7.0.0/package/package.json written
640 silly fetchNamedPackageData is-extglob
641 silly mapToRegistry name is-extglob
642 silly mapToRegistry using default registry
643 silly mapToRegistry registry https://registry.npmjs.org/
644 silly mapToRegistry uri https://registry.npmjs.org/is-extglob
645 verbose request uri https://registry.npmjs.org/is-extglob
646 verbose request no auth needed
647 info attempt registry request try #1 at 21:24:53
648 verbose etag W/"793d1b13bd8d035cd22e5c9ac543fd42"
649 verbose lastModified Sun, 27 May 2018 04:58:59 GMT
650 http request GET https://registry.npmjs.org/is-extglob
651 http 304 https://registry.npmjs.org/is-extglob
652 verbose headers { date: 'Sun, 29 Mar 2020 16:24:53 GMT',
652 verbose headers   connection: 'keep-alive',
652 verbose headers   'set-cookie':
652 verbose headers    [ '__cfduid=df7a4b45c8278f8ecda9181634594dd551585499093; expires=Tue, 28-Apr-20 16:24:53 GMT; path=/; domain=.npmjs.org; HttpOnly; SameSite=Lax' ],
652 verbose headers   'cf-ray': '57baf1964aa9758f-DME',
652 verbose headers   age: '6570',
652 verbose headers   'cache-control': 'public, max-age=300',
652 verbose headers   etag: '"793d1b13bd8d035cd22e5c9ac543fd42"',
652 verbose headers   'last-modified': 'Sun, 27 May 2018 04:58:59 GMT',
652 verbose headers   vary: 'Accept-Encoding',
652 verbose headers   'cf-cache-status': 'HIT',
652 verbose headers   'expect-ct': 'max-age=604800, report-uri="https://report-uri.cloudflare.com/cdn-cgi/beacon/expect-ct"',
652 verbose headers   server: 'cloudflare' }
653 silly get cb [ 304,
653 silly get   { date: 'Sun, 29 Mar 2020 16:24:53 GMT',
653 silly get     connection: 'keep-alive',
653 silly get     'set-cookie':
653 silly get      [ '__cfduid=df7a4b45c8278f8ecda9181634594dd551585499093; expires=Tue, 28-Apr-20 16:24:53 GMT; path=/; domain=.npmjs.org; HttpOnly; SameSite=Lax' ],
653 silly get     'cf-ray': '57baf1964aa9758f-DME',
653 silly get     age: '6570',
653 silly get     'cache-control': 'public, max-age=300',
653 silly get     etag: '"793d1b13bd8d035cd22e5c9ac543fd42"',
653 silly get     'last-modified': 'Sun, 27 May 2018 04:58:59 GMT',
653 silly get     vary: 'Accept-Encoding',
653 silly get     'cf-cache-status': 'HIT',
653 silly get     'expect-ct': 'max-age=604800, report-uri="https://report-uri.cloudflare.com/cdn-cgi/beacon/expect-ct"',
653 silly get     server: 'cloudflare' } ]
654 verbose etag https://registry.npmjs.org/is-extglob from cache
655 verbose get saving is-extglob to /home/danil/.npm/registry.npmjs.org/is-extglob/.cache.json
656 silly resolveWithNewModule is-extglob@2.1.1 checking installable status
657 silly cache add args [ 'is-extglob@^2.1.1', null ]
658 verbose cache add spec is-extglob@^2.1.1
659 silly cache add parsed spec Result {
659 silly cache add   raw: 'is-extglob@^2.1.1',
659 silly cache add   scope: null,
659 silly cache add   name: 'is-extglob',
659 silly cache add   rawSpec: '^2.1.1',
659 silly cache add   spec: '>=2.1.1 <3.0.0',
659 silly cache add   type: 'range' }
660 silly addNamed is-extglob@>=2.1.1 <3.0.0
661 verbose addNamed ">=2.1.1 <3.0.0" is a valid semver range for is-extglob
662 silly addNameRange { name: 'is-extglob', range: '>=2.1.1 <3.0.0', hasData: false }
663 silly mapToRegistry name is-extglob
664 silly mapToRegistry using default registry
665 silly mapToRegistry registry https://registry.npmjs.org/
666 silly mapToRegistry uri https://registry.npmjs.org/is-extglob
667 verbose addNameRange registry:https://registry.npmjs.org/is-extglob not in flight; fetching
668 verbose get https://registry.npmjs.org/is-extglob not expired, no request
669 silly addNameRange number 2 { name: 'is-extglob', range: '>=2.1.1 <3.0.0', hasData: true }
670 silly addNameRange versions [ 'is-extglob', [ '1.0.0', '2.0.0', '2.1.0', '2.1.1' ] ]
671 silly addNamed is-extglob@2.1.1
672 verbose addNamed "2.1.1" is a plain semver version for is-extglob
673 silly cache afterAdd is-extglob@2.1.1
674 verbose afterAdd /home/danil/.npm/is-extglob/2.1.1/package/package.json not in flight; writing
675 verbose afterAdd /home/danil/.npm/is-extglob/2.1.1/package/package.json written
676 silly fetchNamedPackageData binary-extensions
677 silly mapToRegistry name binary-extensions
678 silly mapToRegistry using default registry
679 silly mapToRegistry registry https://registry.npmjs.org/
680 silly mapToRegistry uri https://registry.npmjs.org/binary-extensions
681 verbose request uri https://registry.npmjs.org/binary-extensions
682 verbose request no auth needed
683 info attempt registry request try #1 at 21:24:53
684 verbose etag W/"6a05f5b3e8f90f490ec83ad4a3f06aec"
685 verbose lastModified Thu, 18 Apr 2019 18:50:16 GMT
686 http request GET https://registry.npmjs.org/binary-extensions
687 http 304 https://registry.npmjs.org/binary-extensions
688 verbose headers { date: 'Sun, 29 Mar 2020 16:24:53 GMT',
688 verbose headers   connection: 'keep-alive',
688 verbose headers   'set-cookie':
688 verbose headers    [ '__cfduid=d25f0361969b3ed7b22d9e02697b1c5c81585499093; expires=Tue, 28-Apr-20 16:24:53 GMT; path=/; domain=.npmjs.org; HttpOnly; SameSite=Lax' ],
688 verbose headers   'cf-ray': '57baf197cfc88f01-DME',
688 verbose headers   age: '523',
688 verbose headers   'cache-control': 'public, max-age=300',
688 verbose headers   etag: '"6a05f5b3e8f90f490ec83ad4a3f06aec"',
688 verbose headers   'last-modified': 'Thu, 18 Apr 2019 18:50:16 GMT',
688 verbose headers   vary: 'Accept-Encoding',
688 verbose headers   'cf-cache-status': 'HIT',
688 verbose headers   'expect-ct': 'max-age=604800, report-uri="https://report-uri.cloudflare.com/cdn-cgi/beacon/expect-ct"',
688 verbose headers   server: 'cloudflare' }
689 silly get cb [ 304,
689 silly get   { date: 'Sun, 29 Mar 2020 16:24:53 GMT',
689 silly get     connection: 'keep-alive',
689 silly get     'set-cookie':
689 silly get      [ '__cfduid=d25f0361969b3ed7b22d9e02697b1c5c81585499093; expires=Tue, 28-Apr-20 16:24:53 GMT; path=/; domain=.npmjs.org; HttpOnly; SameSite=Lax' ],
689 silly get     'cf-ray': '57baf197cfc88f01-DME',
689 silly get     age: '523',
689 silly get     'cache-control': 'public, max-age=300',
689 silly get     etag: '"6a05f5b3e8f90f490ec83ad4a3f06aec"',
689 silly get     'last-modified': 'Thu, 18 Apr 2019 18:50:16 GMT',
689 silly get     vary: 'Accept-Encoding',
689 silly get     'cf-cache-status': 'HIT',
689 silly get     'expect-ct': 'max-age=604800, report-uri="https://report-uri.cloudflare.com/cdn-cgi/beacon/expect-ct"',
689 silly get     server: 'cloudflare' } ]
690 verbose etag https://registry.npmjs.org/binary-extensions from cache
691 verbose get saving binary-extensions to /home/danil/.npm/registry.npmjs.org/binary-extensions/.cache.json
692 silly resolveWithNewModule binary-extensions@2.0.0 checking installable status
693 silly cache add args [ 'binary-extensions@^2.0.0', null ]
694 verbose cache add spec binary-extensions@^2.0.0
695 silly cache add parsed spec Result {
695 silly cache add   raw: 'binary-extensions@^2.0.0',
695 silly cache add   scope: null,
695 silly cache add   name: 'binary-extensions',
695 silly cache add   rawSpec: '^2.0.0',
695 silly cache add   spec: '>=2.0.0 <3.0.0',
695 silly cache add   type: 'range' }
696 silly addNamed binary-extensions@>=2.0.0 <3.0.0
697 verbose addNamed ">=2.0.0 <3.0.0" is a valid semver range for binary-extensions
698 silly addNameRange { name: 'binary-extensions',
698 silly addNameRange   range: '>=2.0.0 <3.0.0',
698 silly addNameRange   hasData: false }
699 silly mapToRegistry name binary-extensions
700 silly mapToRegistry using default registry
701 silly mapToRegistry registry https://registry.npmjs.org/
702 silly mapToRegistry uri https://registry.npmjs.org/binary-extensions
703 verbose addNameRange registry:https://registry.npmjs.org/binary-extensions not in flight; fetching
704 verbose get https://registry.npmjs.org/binary-extensions not expired, no request
705 silly addNameRange number 2 { name: 'binary-extensions',
705 silly addNameRange   range: '>=2.0.0 <3.0.0',
705 silly addNameRange   hasData: true }
706 silly addNameRange versions [ 'binary-extensions',
706 silly addNameRange   [ '1.0.0',
706 silly addNameRange     '1.0.1',
706 silly addNameRange     '1.0.2',
706 silly addNameRange     '1.1.0',
706 silly addNameRange     '1.1.1',
706 silly addNameRange     '1.2.0',
706 silly addNameRange     '1.3.0',
706 silly addNameRange     '1.3.1',
706 silly addNameRange     '1.4.0',
706 silly addNameRange     '1.4.1',
706 silly addNameRange     '1.5.0',
706 silly addNameRange     '1.6.0',
706 silly addNameRange     '1.7.0',
706 silly addNameRange     '1.8.0',
706 silly addNameRange     '1.9.0',
706 silly addNameRange     '1.10.0',
706 silly addNameRange     '1.11.0',
706 silly addNameRange     '1.12.0',
706 silly addNameRange     '1.13.0',
706 silly addNameRange     '1.13.1',
706 silly addNameRange     '2.0.0' ] ]
707 silly addNamed binary-extensions@2.0.0
708 verbose addNamed "2.0.0" is a plain semver version for binary-extensions
709 silly mapToRegistry name binary-extensions
710 silly mapToRegistry using default registry
711 silly mapToRegistry registry https://registry.npmjs.org/
712 silly mapToRegistry uri https://registry.npmjs.org/binary-extensions
713 verbose addRemoteTarball https://registry.npmjs.org/binary-extensions/-/binary-extensions-2.0.0.tgz not in flight; adding
714 verbose addRemoteTarball [ 'https://registry.npmjs.org/binary-extensions/-/binary-extensions-2.0.0.tgz',
714 verbose addRemoteTarball   '23c0df14f6a88077f5f986c0d167ec03c3d5537c' ]
715 info retry fetch attempt 1 at 21:24:53
716 info attempt registry request try #1 at 21:24:53
717 http fetch GET https://registry.npmjs.org/binary-extensions/-/binary-extensions-2.0.0.tgz
718 http fetch 200 https://registry.npmjs.org/binary-extensions/-/binary-extensions-2.0.0.tgz
719 silly fetchAndShaCheck shasum 23c0df14f6a88077f5f986c0d167ec03c3d5537c
720 verbose addTmpTarball /tmp/npm-8774-018f9065/registry.npmjs.org/binary-extensions/-/binary-extensions-2.0.0.tgz not in flight; adding
721 verbose addTmpTarball already have metadata; skipping unpack for binary-extensions@2.0.0
722 silly cache afterAdd binary-extensions@2.0.0
723 verbose afterAdd /home/danil/.npm/binary-extensions/2.0.0/package/package.json not in flight; writing
724 verbose afterAdd /home/danil/.npm/binary-extensions/2.0.0/package/package.json written
725 silly loadAllDepsIntoIdealTree Finishing
726 silly idealTree:prePrune lib
726 silly idealTree:prePrune  sass@1.26.3
726 silly idealTree:prePrune    anymatch@3.1.1
726 silly idealTree:prePrune    binary-extensions@2.0.0
726 silly idealTree:prePrune    braces@3.0.2
726 silly idealTree:prePrune    chokidar@3.3.1
726 silly idealTree:prePrune    fill-range@7.0.1
726 silly idealTree:prePrune    glob-parent@5.1.1
726 silly idealTree:prePrune    is-binary-path@2.1.0
726 silly idealTree:prePrune    is-extglob@2.1.1
726 silly idealTree:prePrune    is-glob@4.0.1
726 silly idealTree:prePrune    is-number@7.0.0
726 silly idealTree:prePrune    normalize-path@3.0.0
726 silly idealTree:prePrune    picomatch@2.2.2
726 silly idealTree:prePrune    readdirp@3.3.0
726 silly idealTree:prePrune    to-regex-range@5.0.1
727 silly loadIdealTree Finishing
728 silly currentTree lib
729 silly idealTree lib
729 silly idealTree  sass@1.26.3
729 silly idealTree    anymatch@3.1.1
729 silly idealTree    binary-extensions@2.0.0
729 silly idealTree    braces@3.0.2
729 silly idealTree    chokidar@3.3.1
729 silly idealTree    fill-range@7.0.1
729 silly idealTree    glob-parent@5.1.1
729 silly idealTree    is-binary-path@2.1.0
729 silly idealTree    is-extglob@2.1.1
729 silly idealTree    is-glob@4.0.1
729 silly idealTree    is-number@7.0.0
729 silly idealTree    normalize-path@3.0.0
729 silly idealTree    picomatch@2.2.2
729 silly idealTree    readdirp@3.3.0
729 silly idealTree    to-regex-range@5.0.1
730 silly generateActionsToTake Starting
731 silly install generateActionsToTake
732 warn checkPermissions Missing write access to /usr/local/lib
733 silly rollbackFailedOptional Starting
734 silly rollbackFailedOptional Finishing
735 silly runTopLevelLifecycles Starting
736 silly runTopLevelLifecycles Finishing
737 silly install printInstalled
738 warn optional Skipping failed optional dependency /sass/chokidar/fsevents:
739 warn notsup Not compatible with your operating system or architecture: fsevents@2.1.2
740 verbose stack Error: EACCES: permission denied, access '/usr/local/lib'
741 verbose cwd /var/www/kurs2.local/public_html
742 error Linux 5.3.0-42-generic
743 error argv "/usr/bin/node" "/usr/bin/npm" "install" "-g" "sass"
744 error node v8.10.0
745 error npm  v3.5.2
746 error path /usr/local/lib
747 error code EACCES
748 error errno -13
749 error syscall access
750 error Error: EACCES: permission denied, access '/usr/local/lib'
750 error  { Error: EACCES: permission denied, access '/usr/local/lib'
750 error   errno: -13,
750 error   code: 'EACCES',
750 error   syscall: 'access',
750 error   path: '/usr/local/lib' }
751 error Please try running this command again as root/Administrator.
752 verbose exit [ -13, true ]
